Построение начато 14.02.2012 13:29:35.
     1>Проект "C:\Users\123\Documents\Visual Studio 2010\Projects\RedKidProject\RedKid PlugIn\RM3DPlug.vcxproj" в узле 2 (целевые объекты build).
     1>InitializeBuildStatus:
         Обращение к ".\Release\RedKidPlugIn.unsuccessfulbuild".
       ClCompile:
         C:\Program Files (x86)\Microsoft Visual Studio 10.0\VC\bin\CL.exe /c /I.\midl\Win32 /Zi /nologo /W3 /WX- /O2 /Ob2 /Oi /Ot /Oy- /GT /D _SECURE_SCL=0 /D WIN32 /D NDEBUG /D _WINDOWS /D _USRDLL /D _CRT_SECURE_NO_DEPRECATE /D _CRT_NONSTDC_NO_DEPRECATE /D _SCL_SECURE_NO_DEPRECATE /D ISOLATION_AWARE_ENABLED=1 /D _WINDLL /GF /Gm- /EHa /MD /GS- /Gy /arch:SSE /fp:fast /Zc:wchar_t /Zc:forScope /Fo".\Release\\" /Gd /TP /analyze- /FC /errorReport:prompt DllEntry.cpp RedKidPlugIn.cpp Skeleton.cpp WndBase.cpp WndButton.cpp WndCheckBox.cpp WndListBox.cpp WndStaticText.cpp
         DllEntry.cpp
     1>c:\users\123\documents\visual studio 2010\projects\redkidproject\redkid plugin\header.h(3): fatal error C1083: Не удается открыть файл включение: Max.h: No such file or directory
         RedKidPlugIn.cpp
     1>c:\users\123\documents\visual studio 2010\projects\redkidproject\redkid plugin\header.h(3): fatal error C1083: Не удается открыть файл включение: Max.h: No such file or directory
         Skeleton.cpp
     1>c:\users\123\documents\visual studio 2010\projects\redkidproject\redkid plugin\header.h(3): fatal error C1083: Не удается открыть файл включение: Max.h: No such file or directory
         WndBase.cpp
     1>c:\users\123\documents\visual studio 2010\projects\redkidproject\redkid plugin\header.h(3): fatal error C1083: Не удается открыть файл включение: Max.h: No such file or directory
         WndButton.cpp
     1>c:\users\123\documents\visual studio 2010\projects\redkidproject\redkid plugin\header.h(3): fatal error C1083: Не удается открыть файл включение: Max.h: No such file or directory
         WndCheckBox.cpp
     1>c:\users\123\documents\visual studio 2010\projects\redkidproject\redkid plugin\header.h(3): fatal error C1083: Не удается открыть файл включение: Max.h: No such file or directory
         WndListBox.cpp
     1>c:\users\123\documents\visual studio 2010\projects\redkidproject\redkid plugin\header.h(3): fatal error C1083: Не удается открыть файл включение: Max.h: No such file or directory
         WndStaticText.cpp
     1>c:\users\123\documents\visual studio 2010\projects\redkidproject\redkid plugin\header.h(3): fatal error C1083: Не удается открыть файл включение: Max.h: No such file or directory
         Создание кода...
     1>Построение проекта "C:\Users\123\Documents\Visual Studio 2010\Projects\RedKidProject\RedKid PlugIn\RM3DPlug.vcxproj" завершено (целевые объекты build) с ошибкой.

СБОЙ построения.

Затраченное время: 00:00:00.41
