C:\USERS\123\DOCUMENTS\VISUAL STUDIO 2010\PROJECTS\REDKIDPROJECT\REDKID DLL\DEBUG\.NETFRAMEWORK,VERSION=V4.0.ASSEMBLYATTRIBUTES.OBJ
C:\USERS\123\DOCUMENTS\VISUAL STUDIO 2010\PROJECTS\REDKIDPROJECT\REDKID DLL\DEBUG\APP.RES
C:\USERS\123\DOCUMENTS\VISUAL STUDIO 2010\PROJECTS\REDKIDPROJECT\REDKID DLL\DEBUG\ASSEMBLYINFO.OBJ
C:\Users\123\Documents\Visual Studio 2010\Projects\RedKidProject\RedKid Dll\Debug\cl.command.1.tlog
C:\Users\123\Documents\Visual Studio 2010\Projects\RedKidProject\RedKid Dll\Debug\CL.read.1.tlog
C:\Users\123\Documents\Visual Studio 2010\Projects\RedKidProject\RedKid Dll\Debug\CL.write.1.tlog
C:\Users\123\Documents\Visual Studio 2010\Projects\RedKidProject\RedKid Dll\Debug\link.6108.read.1.tlog
C:\Users\123\Documents\Visual Studio 2010\Projects\RedKidProject\RedKid Dll\Debug\link.6108.write.1.tlog
C:\Users\123\Documents\Visual Studio 2010\Projects\RedKidProject\RedKid Dll\Debug\link.6108-cvtres.read.1.tlog
C:\Users\123\Documents\Visual Studio 2010\Projects\RedKidProject\RedKid Dll\Debug\link.6108-cvtres.write.1.tlog
C:\Users\123\Documents\Visual Studio 2010\Projects\RedKidProject\RedKid Dll\Debug\link.command.1.tlog
C:\Users\123\Documents\Visual Studio 2010\Projects\RedKidProject\RedKid Dll\Debug\link.read.1.tlog
C:\Users\123\Documents\Visual Studio 2010\Projects\RedKidProject\RedKid Dll\Debug\link.write.1.tlog
C:\Users\123\Documents\Visual Studio 2010\Projects\RedKidProject\RedKid Dll\Debug\metagen.read.1.tlog
C:\Users\123\Documents\Visual Studio 2010\Projects\RedKidProject\RedKid Dll\Debug\metagen.write.1.tlog
C:\Users\123\Documents\Visual Studio 2010\Projects\RedKidProject\RedKid Dll\Debug\mt.command.1.tlog
C:\Users\123\Documents\Visual Studio 2010\Projects\RedKidProject\RedKid Dll\Debug\mt.read.1.tlog
C:\Users\123\Documents\Visual Studio 2010\Projects\RedKidProject\RedKid Dll\Debug\mt.write.1.tlog
C:\Users\123\Documents\Visual Studio 2010\Projects\RedKidProject\RedKid Dll\Debug\rc.command.1.tlog
C:\Users\123\Documents\Visual Studio 2010\Projects\RedKidProject\RedKid Dll\Debug\rc.read.1.tlog
C:\Users\123\Documents\Visual Studio 2010\Projects\RedKidProject\RedKid Dll\Debug\rc.write.1.tlog
C:\USERS\123\DOCUMENTS\VISUAL STUDIO 2010\PROJECTS\REDKIDPROJECT\REDKID DLL\DEBUG\REDKID DLL.DLL.INTERMEDIATE.MANIFEST
C:\USERS\123\DOCUMENTS\VISUAL STUDIO 2010\PROJECTS\REDKIDPROJECT\REDKID DLL\DEBUG\REDKID DLL.OBJ
C:\USERS\123\DOCUMENTS\VISUAL STUDIO 2010\PROJECTS\REDKIDPROJECT\REDKID DLL\DEBUG\REDKID DLL.PCH
C:\Users\123\Documents\Visual Studio 2010\Projects\RedKidProject\RedKid Dll\Debug\RedKid Dll.write.1.tlog
C:\Users\123\Documents\Visual Studio 2010\Projects\RedKidProject\RedKid Dll\Debug\RSAENH.DLL.bi
C:\USERS\123\DOCUMENTS\VISUAL STUDIO 2010\PROJECTS\REDKIDPROJECT\REDKID DLL\DEBUG\STDAFX.OBJ
C:\Users\123\Documents\Visual Studio 2010\Projects\RedKidProject\RedKid Dll\Debug\TZRES.DLL.bi
C:\USERS\123\DOCUMENTS\VISUAL STUDIO 2010\PROJECTS\REDKIDPROJECT\REDKID DLL\DEBUG\VC100.PDB
C:\USERS\123\DOCUMENTS\VISUAL STUDIO 2010\PROJECTS\REDKIDPROJECT\REDKID ENGINE\DEBUG\REDKID DLL.DLL
C:\USERS\123\DOCUMENTS\VISUAL STUDIO 2010\PROJECTS\REDKIDPROJECT\REDKID ENGINE\DEBUG\REDKID DLL.ILK
C:\USERS\123\DOCUMENTS\VISUAL STUDIO 2010\PROJECTS\REDKIDPROJECT\REDKID ENGINE\DEBUG\REDKID DLL.PDB
