Построение начато 25.02.2012 14:03:06.
     1>Проект "C:\Users\123\Documents\Visual Studio 2010\Projects\RedKid3D\RedKid3D Game\RedDogGame.vcxproj" в узле 2 (целевые объекты build).
     1>InitializeBuildStatus:
         Создание "Release\RedKid3D Game.unsuccessfulbuild", так как было задано "AlwaysCreate".
       ClCompile:
         Для всех выходных данных обновления не требуется.
         C:\Program Files (x86)\Microsoft Visual Studio 10.0\VC\bin\CL.exe /c /Zi /nologo /W3 /WX- /O2 /Ob2 /Oi /Ot /Oy- /GT /GL /D NDEBUG /D WIN32 /D _WINDOWS /D PHYSX_PROFILE_SDK /D _UNICODE /D UNICODE /Gm- /EHsc /MT /GS- /Gy /arch:SSE2 /fp:precise /Zc:wchar_t /Zc:forScope /Yu"StdAfx.h" /Fp"Release\RedKid3D Game.pch" /Fo"Release\\" /Fd"Release\vc100.pdb" /Gd /TP /analyze- /errorReport:prompt RedDogGame.cpp
         RedDogGame.cpp
       ResourceCompile:
         Для всех выходных данных обновления не требуется.
       Link:
         C:\Program Files (x86)\Microsoft Visual Studio 10.0\VC\bin\link.exe /ERRORREPORT:PROMPT /OUT:"C:\Users\123\Documents\Visual Studio 2010\Projects\RedKid3D\RedKid3D Game\\RedKid3D Game.exe" /INCREMENTAL:NO /NOLOGO "RedKid3D Engine.lib" d3dx11.lib D3D11.lib D3DX10.lib d3dcompiler.lib Effects11.lib dxguid.lib dxgi.lib dinput8.lib d2d1.lib dwrite.lib Foundation.lib PhysX3Common.lib PhysX3CharacterKinematic.lib PhysX3Vehicle.lib PhysX3Cooking_x86.lib PhysX3_x86.lib PhysX3Extensions.lib LowLevel.lib GeomUtils.lib SceneQuery.lib SimulationController.lib PvdRuntime.lib RepX3.lib FoundationCHECKED.lib PhysX3CHECKED_x86.lib PhysX3CookingCHECKED_x86.lib PhysX3CharacterKinematicCHECKED.lib PhysX3ExtensionsCHECKED.lib PhysX3VehicleCHECKED.lib GeomUtilsCHECKED.lib RepX3CHECKED.lib RepXUpgrader3CHECKED.lib PhysXProfileSDKCHECKED.lib PxTaskCHECKED.lib kernel32.lib user32.lib gdi32.lib winspool.lib comdlg32.lib advapi32.lib shell32.lib ole32.lib oleaut32.lib uuid.lib odbc32.lib odbccp32.lib /MANIFEST /ManifestFile:"Release\RedKid3D Game.exe.intermediate.manifest" /MANIFESTUAC:"level='asInvoker' uiAccess='false'" /PDB:"C:\Users\123\Documents\Visual Studio 2010\Projects\RedKid3D\RedKid3D Game\RedKid3D Game.pdb" /ASSEMBLYDEBUG:DISABLE /SUBSYSTEM:WINDOWS /OPT:REF /OPT:ICF /LTCG /TLBID:1 /DYNAMICBASE /NXCOMPAT /IMPLIB:"C:\Users\123\Documents\Visual Studio 2010\Projects\RedKid3D\RedKid3D Game\\RedKid3D Game.lib" /MACHINE:X86 Release\RedDogGame.res
         Release\PhysXDefaultAllocator.obj
         Release\PhysXErrorCallback.obj
         Release\RedDogGame.obj
         Release\stdafx.obj
         Создание кода
         Создание кода завершено
         RedDogGame.vcxproj -> C:\Users\123\Documents\Visual Studio 2010\Projects\RedKid3D\RedKid3D Game\\RedKid3D Game.exe
       Manifest:
         C:\Program Files (x86)\Microsoft SDKs\Windows\v7.0A\bin\mt.exe /nologo /verbose /outputresource:"C:\Users\123\Documents\Visual Studio 2010\Projects\RedKid3D\RedKid3D Game\\RedKid3D Game.exe;#1" /manifest "Release\RedKid3D Game.exe.intermediate.manifest"
       FinalizeBuildStatus:
         Файл "Release\RedKid3D Game.unsuccessfulbuild" удаляется.
         Обращение к "Release\RedKid3D Game.lastbuildstate".
     1>Построение проекта "C:\Users\123\Documents\Visual Studio 2010\Projects\RedKid3D\RedKid3D Game\RedDogGame.vcxproj" завершено (целевые объекты build).

Построение успешно завершено.

Затраченное время: 00:00:14.52
