C:\Users\123\Documents\Visual Studio 2010\Projects\RedKidProject\RedDogGame\\RedKid game.exe
C:\Users\123\Documents\Visual Studio 2010\Projects\RedKidProject\RedDogGame\\RedKid game.pdb
C:\Users\123\Documents\Visual Studio 2010\Projects\RedKidProject\RedDogGame\RedDogGame.exp
C:\Users\123\Documents\Visual Studio 2010\Projects\RedKidProject\RedDogGame\RedDogGame.lib
C:\USERS\123\DOCUMENTS\VISUAL STUDIO 2010\PROJECTS\REDKIDPROJECT\REDDOGGAME\REDKID GAME.EXE
C:\Users\123\Documents\Visual Studio 2010\Projects\RedKidProject\RedDogGame\RedKid game.exp
C:\Users\123\Documents\Visual Studio 2010\Projects\RedKidProject\RedDogGame\RedKid game.lib
C:\Users\123\Documents\Visual Studio 2010\Projects\RedKidProject\RedDogGame\Release\cl.command.1.tlog
C:\Users\123\Documents\Visual Studio 2010\Projects\RedKidProject\RedDogGame\Release\CL.read.1.tlog
C:\Users\123\Documents\Visual Studio 2010\Projects\RedKidProject\RedDogGame\Release\CL.write.1.tlog
C:\Users\123\Documents\Visual Studio 2010\Projects\RedKidProject\RedDogGame\Release\link.command.1.tlog
C:\Users\123\Documents\Visual Studio 2010\Projects\RedKidProject\RedDogGame\Release\link.read.1.tlog
C:\Users\123\Documents\Visual Studio 2010\Projects\RedKidProject\RedDogGame\Release\link.write.1.tlog
C:\Users\123\Documents\Visual Studio 2010\Projects\RedKidProject\RedDogGame\Release\link-cvtres.read.1.tlog
C:\Users\123\Documents\Visual Studio 2010\Projects\RedKidProject\RedDogGame\Release\link-cvtres.write.1.tlog
C:\Users\123\Documents\Visual Studio 2010\Projects\RedKidProject\RedDogGame\Release\mt.command.1.tlog
C:\Users\123\Documents\Visual Studio 2010\Projects\RedKidProject\RedDogGame\Release\mt.read.1.tlog
C:\Users\123\Documents\Visual Studio 2010\Projects\RedKidProject\RedDogGame\Release\mt.write.1.tlog
C:\USERS\123\DOCUMENTS\VISUAL STUDIO 2010\PROJECTS\REDKIDPROJECT\REDDOGGAME\RELEASE\PHYSXDEFAULTALLOCATOR.OBJ
C:\USERS\123\DOCUMENTS\VISUAL STUDIO 2010\PROJECTS\REDKIDPROJECT\REDDOGGAME\RELEASE\PHYSXERRORCALLBACK.OBJ
C:\Users\123\Documents\Visual Studio 2010\Projects\RedKidProject\RedDogGame\Release\rc.command.1.tlog
C:\Users\123\Documents\Visual Studio 2010\Projects\RedKidProject\RedDogGame\Release\rc.read.1.tlog
C:\Users\123\Documents\Visual Studio 2010\Projects\RedKidProject\RedDogGame\Release\rc.write.1.tlog
C:\Users\123\Documents\Visual Studio 2010\Projects\RedKidProject\RedDogGame\Release\RedDogGame.exe.intermediate.manifest
C:\USERS\123\DOCUMENTS\VISUAL STUDIO 2010\PROJECTS\REDKIDPROJECT\REDDOGGAME\RELEASE\REDDOGGAME.OBJ
C:\Users\123\Documents\Visual Studio 2010\Projects\RedKidProject\RedDogGame\Release\RedDogGame.pch
C:\USERS\123\DOCUMENTS\VISUAL STUDIO 2010\PROJECTS\REDKIDPROJECT\REDDOGGAME\RELEASE\REDDOGGAME.RES
C:\Users\123\Documents\Visual Studio 2010\Projects\RedKidProject\RedDogGame\Release\RedDogGame.write.1.tlog
C:\USERS\123\DOCUMENTS\VISUAL STUDIO 2010\PROJECTS\REDKIDPROJECT\REDDOGGAME\RELEASE\REDKID GAME.EXE.INTERMEDIATE.MANIFEST
C:\USERS\123\DOCUMENTS\VISUAL STUDIO 2010\PROJECTS\REDKIDPROJECT\REDDOGGAME\RELEASE\REDKID GAME.PCH
C:\Users\123\Documents\Visual Studio 2010\Projects\RedKidProject\RedDogGame\Release\RedKid game.write.1.tlog
C:\USERS\123\DOCUMENTS\VISUAL STUDIO 2010\PROJECTS\REDKIDPROJECT\REDDOGGAME\RELEASE\STDAFX.OBJ
C:\USERS\123\DOCUMENTS\VISUAL STUDIO 2010\PROJECTS\REDKIDPROJECT\REDDOGGAME\RELEASE\VC100.PDB
