C:\USERS\123\DOCUMENTS\VISUAL STUDIO 2010\PROJECTS\REDKIDPROJECT\REDKID DLL\RELEASE\.NETFRAMEWORK,VERSION=V4.0.ASSEMBLYATTRIBUTES.OBJ
C:\USERS\123\DOCUMENTS\VISUAL STUDIO 2010\PROJECTS\REDKIDPROJECT\REDKID DLL\RELEASE\APP.RES
C:\USERS\123\DOCUMENTS\VISUAL STUDIO 2010\PROJECTS\REDKIDPROJECT\REDKID DLL\RELEASE\ASSEMBLYINFO.OBJ
C:\Users\123\Documents\Visual Studio 2010\Projects\RedKidProject\RedKid Dll\Release\cl.command.1.tlog
C:\Users\123\Documents\Visual Studio 2010\Projects\RedKidProject\RedKid Dll\Release\CL.read.1.tlog
C:\Users\123\Documents\Visual Studio 2010\Projects\RedKidProject\RedKid Dll\Release\CL.write.1.tlog
C:\Users\123\Documents\Visual Studio 2010\Projects\RedKidProject\RedKid Dll\Release\link.command.1.tlog
C:\Users\123\Documents\Visual Studio 2010\Projects\RedKidProject\RedKid Dll\Release\link.read.1.tlog
C:\Users\123\Documents\Visual Studio 2010\Projects\RedKidProject\RedKid Dll\Release\link.write.1.tlog
C:\Users\123\Documents\Visual Studio 2010\Projects\RedKidProject\RedKid Dll\Release\link-cvtres.read.1.tlog
C:\Users\123\Documents\Visual Studio 2010\Projects\RedKidProject\RedKid Dll\Release\link-cvtres.write.1.tlog
C:\Users\123\Documents\Visual Studio 2010\Projects\RedKidProject\RedKid Dll\Release\metagen.read.1.tlog
C:\Users\123\Documents\Visual Studio 2010\Projects\RedKidProject\RedKid Dll\Release\metagen.write.1.tlog
C:\Users\123\Documents\Visual Studio 2010\Projects\RedKidProject\RedKid Dll\Release\mt.command.1.tlog
C:\Users\123\Documents\Visual Studio 2010\Projects\RedKidProject\RedKid Dll\Release\mt.read.1.tlog
C:\Users\123\Documents\Visual Studio 2010\Projects\RedKidProject\RedKid Dll\Release\mt.write.1.tlog
C:\Users\123\Documents\Visual Studio 2010\Projects\RedKidProject\RedKid Dll\Release\rc.command.1.tlog
C:\Users\123\Documents\Visual Studio 2010\Projects\RedKidProject\RedKid Dll\Release\rc.read.1.tlog
C:\Users\123\Documents\Visual Studio 2010\Projects\RedKidProject\RedKid Dll\Release\rc.write.1.tlog
C:\USERS\123\DOCUMENTS\VISUAL STUDIO 2010\PROJECTS\REDKIDPROJECT\REDKID DLL\RELEASE\REDKID DLL.DLL.INTERMEDIATE.MANIFEST
C:\USERS\123\DOCUMENTS\VISUAL STUDIO 2010\PROJECTS\REDKIDPROJECT\REDKID DLL\RELEASE\REDKID DLL.OBJ
C:\USERS\123\DOCUMENTS\VISUAL STUDIO 2010\PROJECTS\REDKIDPROJECT\REDKID DLL\RELEASE\REDKID DLL.PCH
C:\Users\123\Documents\Visual Studio 2010\Projects\RedKidProject\RedKid Dll\Release\RedKid Dll.write.1.tlog
C:\Users\123\Documents\Visual Studio 2010\Projects\RedKidProject\RedKid Dll\Release\RSAENH.DLL.bi
C:\USERS\123\DOCUMENTS\VISUAL STUDIO 2010\PROJECTS\REDKIDPROJECT\REDKID DLL\RELEASE\STDAFX.OBJ
C:\Users\123\Documents\Visual Studio 2010\Projects\RedKidProject\RedKid Dll\Release\TZRES.DLL.bi
C:\USERS\123\DOCUMENTS\VISUAL STUDIO 2010\PROJECTS\REDKIDPROJECT\REDKID DLL\RELEASE\VC100.PDB
C:\USERS\123\DOCUMENTS\VISUAL STUDIO 2010\PROJECTS\REDKIDPROJECT\REDKID ENGINE\RELEASE\REDKID DLL.DLL
C:\USERS\123\DOCUMENTS\VISUAL STUDIO 2010\PROJECTS\REDKIDPROJECT\REDKID ENGINE\RELEASE\REDKID DLL.PDB
