C:\Users\123\Documents\Visual Studio 2010\Projects\RedKid3D\RedKid3D Dll\Release\.NETFramework,Version=v4.0.AssemblyAttributes.obj
C:\USERS\123\DOCUMENTS\VISUAL STUDIO 2010\PROJECTS\REDKID3D\REDKID3D DLL\RELEASE\APP.RES
C:\USERS\123\DOCUMENTS\VISUAL STUDIO 2010\PROJECTS\REDKID3D\REDKID3D DLL\RELEASE\ASSEMBLYINFO.OBJ
C:\Users\123\Documents\Visual Studio 2010\Projects\RedKid3D\RedKid3D Dll\Release\cl.command.1.tlog
C:\Users\123\Documents\Visual Studio 2010\Projects\RedKid3D\RedKid3D Dll\Release\CL.read.1.tlog
C:\Users\123\Documents\Visual Studio 2010\Projects\RedKid3D\RedKid3D Dll\Release\CL.write.1.tlog
C:\Users\123\Documents\Visual Studio 2010\Projects\RedKid3D\RedKid3D Dll\Release\link.command.1.tlog
C:\Users\123\Documents\Visual Studio 2010\Projects\RedKid3D\RedKid3D Dll\Release\link.read.1.tlog
C:\Users\123\Documents\Visual Studio 2010\Projects\RedKid3D\RedKid3D Dll\Release\link.write.1.tlog
C:\Users\123\Documents\Visual Studio 2010\Projects\RedKid3D\RedKid3D Dll\Release\link-cvtres.read.1.tlog
C:\Users\123\Documents\Visual Studio 2010\Projects\RedKid3D\RedKid3D Dll\Release\link-cvtres.write.1.tlog
C:\Users\123\Documents\Visual Studio 2010\Projects\RedKid3D\RedKid3D Dll\Release\metagen.read.1.tlog
C:\Users\123\Documents\Visual Studio 2010\Projects\RedKid3D\RedKid3D Dll\Release\metagen.write.1.tlog
C:\Users\123\Documents\Visual Studio 2010\Projects\RedKid3D\RedKid3D Dll\Release\mt.command.1.tlog
C:\Users\123\Documents\Visual Studio 2010\Projects\RedKid3D\RedKid3D Dll\Release\mt.read.1.tlog
C:\Users\123\Documents\Visual Studio 2010\Projects\RedKid3D\RedKid3D Dll\Release\mt.write.1.tlog
C:\USERS\123\DOCUMENTS\VISUAL STUDIO 2010\PROJECTS\REDKID3D\REDKID3D DLL\RELEASE\PHYSXDEFAULTALLOCATOR.OBJ
C:\USERS\123\DOCUMENTS\VISUAL STUDIO 2010\PROJECTS\REDKID3D\REDKID3D DLL\RELEASE\PHYSXERRORCALLBACK.OBJ
C:\Users\123\Documents\Visual Studio 2010\Projects\RedKid3D\RedKid3D Dll\Release\rc.command.1.tlog
C:\Users\123\Documents\Visual Studio 2010\Projects\RedKid3D\RedKid3D Dll\Release\rc.read.1.tlog
C:\Users\123\Documents\Visual Studio 2010\Projects\RedKid3D\RedKid3D Dll\Release\rc.write.1.tlog
C:\Users\123\Documents\Visual Studio 2010\Projects\RedKid3D\RedKid3D Dll\Release\RedKid Dll.dll.intermediate.manifest
C:\USERS\123\DOCUMENTS\VISUAL STUDIO 2010\PROJECTS\REDKID3D\REDKID3D DLL\RELEASE\REDKID DLL.OBJ
C:\Users\123\Documents\Visual Studio 2010\Projects\RedKid3D\RedKid3D Dll\Release\RedKid Dll.pch
C:\Users\123\Documents\Visual Studio 2010\Projects\RedKid3D\RedKid3D Dll\Release\RedKid Dll.write.1.tlog
C:\Users\123\Documents\Visual Studio 2010\Projects\RedKid3D\RedKid3D Dll\Release\RedKid3D Dll.dll.intermediate.manifest
C:\USERS\123\DOCUMENTS\VISUAL STUDIO 2010\PROJECTS\REDKID3D\REDKID3D DLL\RELEASE\REDKID3D DLL.PCH
C:\Users\123\Documents\Visual Studio 2010\Projects\RedKid3D\RedKid3D Dll\Release\RedKid3D Dll.write.1.tlog
C:\Users\123\Documents\Visual Studio 2010\Projects\RedKid3D\RedKid3D Dll\Release\RSAENH.DLL.bi
C:\USERS\123\DOCUMENTS\VISUAL STUDIO 2010\PROJECTS\REDKID3D\REDKID3D DLL\RELEASE\STDAFX.OBJ
C:\Users\123\Documents\Visual Studio 2010\Projects\RedKid3D\RedKid3D Dll\Release\TZRES.DLL.bi
C:\USERS\123\DOCUMENTS\VISUAL STUDIO 2010\PROJECTS\REDKID3D\REDKID3D DLL\RELEASE\VC100.PDB
C:\Users\123\Documents\Visual Studio 2010\Projects\RedKid3D\RedKid3D Editor\Release\RedKid3D Dll.pdb
C:\USERS\123\DOCUMENTS\VISUAL STUDIO 2010\PROJECTS\REDKIDPROJECT\REDKID DLL\RELEASE\.NETFRAMEWORK,VERSION=V4.0.ASSEMBLYATTRIBUTES.OBJ
C:\USERS\123\DOCUMENTS\VISUAL STUDIO 2010\PROJECTS\REDKIDPROJECT\REDKID DLL\RELEASE\APP.RES
C:\USERS\123\DOCUMENTS\VISUAL STUDIO 2010\PROJECTS\REDKIDPROJECT\REDKID DLL\RELEASE\ASSEMBLYINFO.OBJ
C:\USERS\123\DOCUMENTS\VISUAL STUDIO 2010\PROJECTS\REDKIDPROJECT\REDKID DLL\RELEASE\PHYSXDEFAULTALLOCATOR.OBJ
C:\USERS\123\DOCUMENTS\VISUAL STUDIO 2010\PROJECTS\REDKIDPROJECT\REDKID DLL\RELEASE\PHYSXERRORCALLBACK.OBJ
C:\USERS\123\DOCUMENTS\VISUAL STUDIO 2010\PROJECTS\REDKIDPROJECT\REDKID DLL\RELEASE\REDKID DLL.OBJ
C:\USERS\123\DOCUMENTS\VISUAL STUDIO 2010\PROJECTS\REDKIDPROJECT\REDKID DLL\RELEASE\REDKID DLL.PCH
C:\USERS\123\DOCUMENTS\VISUAL STUDIO 2010\PROJECTS\REDKIDPROJECT\REDKID DLL\RELEASE\STDAFX.OBJ
C:\USERS\123\DOCUMENTS\VISUAL STUDIO 2010\PROJECTS\REDKIDPROJECT\REDKID DLL\RELEASE\VC100.PDB
C:\USERS\123\DOCUMENTS\VISUAL STUDIO 2010\PROJECTS\REDKIDPROJECT\REDKID ENGINE\RELEASE\REDKID DLL.DLL
C:\Users\123\Documents\Visual Studio 2010\Projects\RedKidProject\RedKid Engine\Release\RedKid Dll.exp
C:\Users\123\Documents\Visual Studio 2010\Projects\RedKidProject\RedKid Engine\Release\RedKid Dll.lib
