Построение начато 26.02.2012 20:37:14.
     1>Проект "C:\Users\123\Documents\Visual Studio 2010\Projects\RedKid3D\RedKid3D Dll\RedKid Dll.vcxproj" в узле 3 (целевые объекты rebuild).
     1>_PrepareForClean:
         Файл "Debug\RedKid3D Dll.lastbuildstate" удаляется.
       InitializeBuildStatus:
         Создание "Debug\RedKid3D Dll.unsuccessfulbuild", так как было задано "AlwaysCreate".
       GenerateTargetFrameworkMonikerAttribute:
       Целевой объект "GenerateTargetFrameworkMonikerAttribute" пропускается, так как все выходные файлы актуальны по отношению к входным.
       ClCompile:
         C:\Program Files (x86)\Microsoft Visual Studio 10.0\VC\bin\CL.exe /c /AI"C:\Program Files (x86)\Reference Assemblies\Microsoft\Framework\.NETFramework\v4.0" /Zi /clr /nologo /W3 /WX- /Od /Oy- /D _ITERATOR_DEBUG_LEVEL=0 /D _DEBUG /D WIN32 /D _WINDLL /D _UNICODE /D UNICODE /EHa /MD /GS /fp:precise /Zc:wchar_t /Zc:forScope /Yc"StdAfx.h" /Fp"Debug\RedKid3D Dll.pch" /Fo"Debug\\" /Fd"Debug\vc100.pdb" /TP /FU"C:\Program Files (x86)\Reference Assemblies\Microsoft\Framework\.NETFramework\v4.0\System.Core.dll" /FU"C:\Program Files (x86)\Reference Assemblies\Microsoft\Framework\.NETFramework\v4.0\System.Data.dll" /FU"C:\Program Files (x86)\Reference Assemblies\Microsoft\Framework\.NETFramework\v4.0\System.dll" /FU"C:\Program Files (x86)\Reference Assemblies\Microsoft\Framework\.NETFramework\v4.0\System.Windows.Forms.dll" /FU"C:\Program Files (x86)\Reference Assemblies\Microsoft\Framework\.NETFramework\v4.0\System.Xml.dll" /analyze- /errorReport:prompt Stdafx.cpp /clr:nostdlib 
         Stdafx.cpp
         C:\Program Files (x86)\Microsoft Visual Studio 10.0\VC\bin\CL.exe /c /AI"C:\Program Files (x86)\Reference Assemblies\Microsoft\Framework\.NETFramework\v4.0" /Zi /clr /nologo /W3 /WX- /Od /Oy- /D _ITERATOR_DEBUG_LEVEL=0 /D _DEBUG /D WIN32 /D _WINDLL /D _UNICODE /D UNICODE /EHa /MD /GS /fp:precise /Zc:wchar_t /Zc:forScope /Yu"StdAfx.h" /Fp"Debug\RedKid3D Dll.pch" /Fo"Debug\\" /Fd"Debug\vc100.pdb" /TP /FU"C:\Program Files (x86)\Reference Assemblies\Microsoft\Framework\.NETFramework\v4.0\System.Core.dll" /FU"C:\Program Files (x86)\Reference Assemblies\Microsoft\Framework\.NETFramework\v4.0\System.Data.dll" /FU"C:\Program Files (x86)\Reference Assemblies\Microsoft\Framework\.NETFramework\v4.0\System.dll" /FU"C:\Program Files (x86)\Reference Assemblies\Microsoft\Framework\.NETFramework\v4.0\System.Windows.Forms.dll" /FU"C:\Program Files (x86)\Reference Assemblies\Microsoft\Framework\.NETFramework\v4.0\System.Xml.dll" /analyze- /errorReport:prompt AssemblyInfo.cpp PhysXDefaultAllocator.cpp PhysXErrorCallback.cpp "RedKid Dll.cpp" /clr:nostdlib 
         AssemblyInfo.cpp
         PhysXDefaultAllocator.cpp
         PhysXErrorCallback.cpp
         RedKid Dll.cpp
         Создание кода...
         C:\Program Files (x86)\Microsoft Visual Studio 10.0\VC\bin\CL.exe /c /Zi /clr /nologo /W3 /WX- /Od /Oy- /D _ITERATOR_DEBUG_LEVEL=0 /D _DEBUG /D WIN32 /D _WINDLL /D _UNICODE /D UNICODE /EHa /MD /GS /fp:precise /Zc:wchar_t /Zc:forScope /Fo"Debug\\" /Fd"Debug\vc100.pdb" /TP /analyze- /errorReport:prompt "C:\Users\123\AppData\Local\Temp\.NETFramework,Version=v4.0.AssemblyAttributes.cpp"
         .NETFramework,Version=v4.0.AssemblyAttributes.cpp
       ResourceCompile:
         C:\Program Files (x86)\Microsoft SDKs\Windows\v7.0A\bin\rc.exe /D _UNICODE /D UNICODE /l"0x0409" /nologo /fo"Debug\app.res" app.rc 
       Link:
         C:\Program Files (x86)\Microsoft Visual Studio 10.0\VC\bin\link.exe /ERRORREPORT:PROMPT /OUT:"C:\Users\123\Documents\Visual Studio 2010\Projects\RedKid3D\RedKid3D Editor\Debug\RedKid3D Dll.dll" /INCREMENTAL /NOLOGO "RedKid3D Engine.lib" d3dx11.lib D3D11.lib D3DX10d.lib D3DX10.lib d3dcompiler.lib Effects11.lib dxguid.lib dxgi.lib dinput8.lib d2d1.lib dwrite.lib Foundation.lib PhysX3Common.lib PhysX3CharacterKinematic.lib PhysX3Vehicle.lib PhysX3Cooking_x86.lib PhysX3_x86.lib PhysX3Extensions.lib LowLevel.lib GeomUtils.lib SceneQuery.lib SimulationController.lib PvdRuntime.lib RepX3.lib FoundationCHECKED.lib PhysX3CHECKED_x86.lib PhysX3CookingCHECKED_x86.lib PhysX3CharacterKinematicCHECKED.lib PhysX3ExtensionsCHECKED.lib PhysX3VehicleCHECKED.lib GeomUtilsCHECKED.lib RepX3CHECKED.lib RepXUpgrader3CHECKED.lib PhysXProfileSDKCHECKED.lib PxTaskCHECKED.lib kernel32.lib user32.lib gdi32.lib winspool.lib comdlg32.lib advapi32.lib shell32.lib ole32.lib oleaut32.lib uuid.lib odbc32.lib odbccp32.lib /MANIFEST /ManifestFile:"Debug\RedKid3D Dll.dll.intermediate.manifest" /MANIFESTUAC:"level='asInvoker' uiAccess='false'" /DEBUG /PDB:"C:\Users\123\Documents\Visual Studio 2010\Projects\RedKid3D\RedKid3D Editor\Debug\RedKid3D Dll.pdb" /ASSEMBLYDEBUG /TLBID:1 /DYNAMICBASE /FIXED:NO /NXCOMPAT /MACHINE:X86 /DLL Debug\app.res
         Debug\AssemblyInfo.obj
         Debug\PhysXDefaultAllocator.obj
         Debug\PhysXErrorCallback.obj
         "Debug\RedKid Dll.obj"
         Debug\Stdafx.obj
         "Debug\.NETFramework,Version=v4.0.AssemblyAttributes.obj"
     1>RedKid3D Engine.lib(Thread.obj) : warning LNK4075: не учитывается "/EDITANDCONTINUE" из-за спецификации "/INCREMENTAL:NO"
            Создается библиотека C:\Users\123\Documents\Visual Studio 2010\Projects\RedKid3D\RedKid3D Editor\Debug\RedKid3D Dll.lib и объект C:\Users\123\Documents\Visual Studio 2010\Projects\RedKid3D\RedKid3D Editor\Debug\RedKid3D Dll.exp
     1>LINK : warning LNK4098: библиотека по умолчанию "MSVCRTD" противоречит использованию других библиотек; используйте параметр /NODEFAULTLIB:library
     1>LINK : warning LNK4098: библиотека по умолчанию "LIBCMT" противоречит использованию других библиотек; используйте параметр /NODEFAULTLIB:library
     1>PhysX3Extensions.lib(ExtCpuWorkerThread.obj) : warning LNK4099: "physx3extensions.pdb" PDB не найден с "PhysX3Extensions.lib(ExtCpuWorkerThread.obj)" или на "C:\Users\123\Documents\Visual Studio 2010\Projects\RedKid3D\RedKid3D Editor\Debug\physx3extensions.pdb"; компоновка объекта выполняется как при отсутствии отладочных данных
     1>PhysX3Extensions.lib(ExtD6Joint.obj) : warning LNK4099: "physx3extensions.pdb" PDB не найден с "PhysX3Extensions.lib(ExtD6Joint.obj)" или на "C:\Users\123\Documents\Visual Studio 2010\Projects\RedKid3D\RedKid3D Editor\Debug\physx3extensions.pdb"; компоновка объекта выполняется как при отсутствии отладочных данных
     1>PhysX3Extensions.lib(ExtD6JointSolverPrep.obj) : warning LNK4099: "physx3extensions.pdb" PDB не найден с "PhysX3Extensions.lib(ExtD6JointSolverPrep.obj)" или на "C:\Users\123\Documents\Visual Studio 2010\Projects\RedKid3D\RedKid3D Editor\Debug\physx3extensions.pdb"; компоновка объекта выполняется как при отсутствии отладочных данных
     1>PhysX3Extensions.lib(ExtDefaultCpuDispatcher.obj) : warning LNK4099: "physx3extensions.pdb" PDB не найден с "PhysX3Extensions.lib(ExtDefaultCpuDispatcher.obj)" или на "C:\Users\123\Documents\Visual Studio 2010\Projects\RedKid3D\RedKid3D Editor\Debug\physx3extensions.pdb"; компоновка объекта выполняется как при отсутствии отладочных данных
     1>PhysX3Extensions.lib(ExtDefaultSimulationFilterShader.obj) : warning LNK4099: "physx3extensions.pdb" PDB не найден с "PhysX3Extensions.lib(ExtDefaultSimulationFilterShader.obj)" или на "C:\Users\123\Documents\Visual Studio 2010\Projects\RedKid3D\RedKid3D Editor\Debug\physx3extensions.pdb"; компоновка объекта выполняется как при отсутствии отладочных данных
     1>PhysX3Extensions.lib(ExtDistanceJoint.obj) : warning LNK4099: "physx3extensions.pdb" PDB не найден с "PhysX3Extensions.lib(ExtDistanceJoint.obj)" или на "C:\Users\123\Documents\Visual Studio 2010\Projects\RedKid3D\RedKid3D Editor\Debug\physx3extensions.pdb"; компоновка объекта выполняется как при отсутствии отладочных данных
     1>PhysX3Extensions.lib(ExtDistanceJointSolverPrep.obj) : warning LNK4099: "physx3extensions.pdb" PDB не найден с "PhysX3Extensions.lib(ExtDistanceJointSolverPrep.obj)" или на "C:\Users\123\Documents\Visual Studio 2010\Projects\RedKid3D\RedKid3D Editor\Debug\physx3extensions.pdb"; компоновка объекта выполняется как при отсутствии отладочных данных
     1>PhysX3Extensions.lib(ExtExtensions.obj) : warning LNK4099: "physx3extensions.pdb" PDB не найден с "PhysX3Extensions.lib(ExtExtensions.obj)" или на "C:\Users\123\Documents\Visual Studio 2010\Projects\RedKid3D\RedKid3D Editor\Debug\physx3extensions.pdb"; компоновка объекта выполняется как при отсутствии отладочных данных
     1>PhysX3Extensions.lib(ExtFixedJoint.obj) : warning LNK4099: "physx3extensions.pdb" PDB не найден с "PhysX3Extensions.lib(ExtFixedJoint.obj)" или на "C:\Users\123\Documents\Visual Studio 2010\Projects\RedKid3D\RedKid3D Editor\Debug\physx3extensions.pdb"; компоновка объекта выполняется как при отсутствии отладочных данных
     1>PhysX3Extensions.lib(ExtFixedJointSolverPrep.obj) : warning LNK4099: "physx3extensions.pdb" PDB не найден с "PhysX3Extensions.lib(ExtFixedJointSolverPrep.obj)" или на "C:\Users\123\Documents\Visual Studio 2010\Projects\RedKid3D\RedKid3D Editor\Debug\physx3extensions.pdb"; компоновка объекта выполняется как при отсутствии отладочных данных
     1>PhysX3Extensions.lib(ExtJoint.obj) : warning LNK4099: "physx3extensions.pdb" PDB не найден с "PhysX3Extensions.lib(ExtJoint.obj)" или на "C:\Users\123\Documents\Visual Studio 2010\Projects\RedKid3D\RedKid3D Editor\Debug\physx3extensions.pdb"; компоновка объекта выполняется как при отсутствии отладочных данных
     1>PhysX3Extensions.lib(ExtMetaData.obj) : warning LNK4099: "physx3extensions.pdb" PDB не найден с "PhysX3Extensions.lib(ExtMetaData.obj)" или на "C:\Users\123\Documents\Visual Studio 2010\Projects\RedKid3D\RedKid3D Editor\Debug\physx3extensions.pdb"; компоновка объекта выполняется как при отсутствии отладочных данных
     1>PhysX3Extensions.lib(ExtPrismaticJoint.obj) : warning LNK4099: "physx3extensions.pdb" PDB не найден с "PhysX3Extensions.lib(ExtPrismaticJoint.obj)" или на "C:\Users\123\Documents\Visual Studio 2010\Projects\RedKid3D\RedKid3D Editor\Debug\physx3extensions.pdb"; компоновка объекта выполняется как при отсутствии отладочных данных
     1>PhysX3Extensions.lib(ExtPrismaticJointSolverPrep.obj) : warning LNK4099: "physx3extensions.pdb" PDB не найден с "PhysX3Extensions.lib(ExtPrismaticJointSolverPrep.obj)" или на "C:\Users\123\Documents\Visual Studio 2010\Projects\RedKid3D\RedKid3D Editor\Debug\physx3extensions.pdb"; компоновка объекта выполняется как при отсутствии отладочных данных
     1>PhysX3Extensions.lib(ExtPvdClientImpl.obj) : warning LNK4099: "physx3extensions.pdb" PDB не найден с "PhysX3Extensions.lib(ExtPvdClientImpl.obj)" или на "C:\Users\123\Documents\Visual Studio 2010\Projects\RedKid3D\RedKid3D Editor\Debug\physx3extensions.pdb"; компоновка объекта выполняется как при отсутствии отладочных данных
     1>PhysX3Extensions.lib(ExtRevoluteJoint.obj) : warning LNK4099: "physx3extensions.pdb" PDB не найден с "PhysX3Extensions.lib(ExtRevoluteJoint.obj)" или на "C:\Users\123\Documents\Visual Studio 2010\Projects\RedKid3D\RedKid3D Editor\Debug\physx3extensions.pdb"; компоновка объекта выполняется как при отсутствии отладочных данных
     1>PhysX3Extensions.lib(ExtRevoluteJointSolverPrep.obj) : warning LNK4099: "physx3extensions.pdb" PDB не найден с "PhysX3Extensions.lib(ExtRevoluteJointSolverPrep.obj)" или на "C:\Users\123\Documents\Visual Studio 2010\Projects\RedKid3D\RedKid3D Editor\Debug\physx3extensions.pdb"; компоновка объекта выполняется как при отсутствии отладочных данных
     1>PhysX3Extensions.lib(ExtSphericalJoint.obj) : warning LNK4099: "physx3extensions.pdb" PDB не найден с "PhysX3Extensions.lib(ExtSphericalJoint.obj)" или на "C:\Users\123\Documents\Visual Studio 2010\Projects\RedKid3D\RedKid3D Editor\Debug\physx3extensions.pdb"; компоновка объекта выполняется как при отсутствии отладочных данных
     1>PhysX3Extensions.lib(ExtSphericalJointSolverPrep.obj) : warning LNK4099: "physx3extensions.pdb" PDB не найден с "PhysX3Extensions.lib(ExtSphericalJointSolverPrep.obj)" или на "C:\Users\123\Documents\Visual Studio 2010\Projects\RedKid3D\RedKid3D Editor\Debug\physx3extensions.pdb"; компоновка объекта выполняется как при отсутствии отладочных данных
     1>PhysX3Extensions.lib(ExtVisualDebugger.obj) : warning LNK4099: "physx3extensions.pdb" PDB не найден с "PhysX3Extensions.lib(ExtVisualDebugger.obj)" или на "C:\Users\123\Documents\Visual Studio 2010\Projects\RedKid3D\RedKid3D Editor\Debug\physx3extensions.pdb"; компоновка объекта выполняется как при отсутствии отладочных данных
     1>PhysX3Extensions.lib(PxExtensionAutoGeneratedMetaDataObjects.obj) : warning LNK4099: "physx3extensions.pdb" PDB не найден с "PhysX3Extensions.lib(PxExtensionAutoGeneratedMetaDataObjects.obj)" или на "C:\Users\123\Documents\Visual Studio 2010\Projects\RedKid3D\RedKid3D Editor\Debug\physx3extensions.pdb"; компоновка объекта выполняется как при отсутствии отладочных данных
     1>GeomUtils.lib(CmVisualization.obj) : warning LNK4099: "physx3common.pdb" PDB не найден с "GeomUtils.lib(CmVisualization.obj)" или на "C:\Users\123\Documents\Visual Studio 2010\Projects\RedKid3D\RedKid3D Editor\Debug\physx3common.pdb"; компоновка объекта выполняется как при отсутствии отладочных данных
     1>GeomUtils.lib(CmStringTable.obj) : warning LNK4099: "physx3common.pdb" PDB не найден с "GeomUtils.lib(CmStringTable.obj)" или на "C:\Users\123\Documents\Visual Studio 2010\Projects\RedKid3D\RedKid3D Editor\Debug\physx3common.pdb"; компоновка объекта выполняется как при отсутствии отладочных данных
     1>GeomUtils.lib(CmRenderOutput.obj) : warning LNK4099: "physx3common.pdb" PDB не найден с "GeomUtils.lib(CmRenderOutput.obj)" или на "C:\Users\123\Documents\Visual Studio 2010\Projects\RedKid3D\RedKid3D Editor\Debug\physx3common.pdb"; компоновка объекта выполняется как при отсутствии отладочных данных
     1>FoundationCHECKED.lib(PsWindowsMutex.obj) : warning LNK4099: "foundationchecked.pdb" PDB не найден с "FoundationCHECKED.lib(PsWindowsMutex.obj)" или на "C:\Users\123\Documents\Visual Studio 2010\Projects\RedKid3D\RedKid3D Editor\Debug\foundationchecked.pdb"; компоновка объекта выполняется как при отсутствии отладочных данных
     1>FoundationCHECKED.lib(PsWindowsPAEventSrc.obj) : warning LNK4099: "foundationchecked.pdb" PDB не найден с "FoundationCHECKED.lib(PsWindowsPAEventSrc.obj)" или на "C:\Users\123\Documents\Visual Studio 2010\Projects\RedKid3D\RedKid3D Editor\Debug\foundationchecked.pdb"; компоновка объекта выполняется как при отсутствии отладочных данных
     1>FoundationCHECKED.lib(PsWindowsSList.obj) : warning LNK4099: "foundationchecked.pdb" PDB не найден с "FoundationCHECKED.lib(PsWindowsSList.obj)" или на "C:\Users\123\Documents\Visual Studio 2010\Projects\RedKid3D\RedKid3D Editor\Debug\foundationchecked.pdb"; компоновка объекта выполняется как при отсутствии отладочных данных
     1>FoundationCHECKED.lib(PsWindowsSocket.obj) : warning LNK4099: "foundationchecked.pdb" PDB не найден с "FoundationCHECKED.lib(PsWindowsSocket.obj)" или на "C:\Users\123\Documents\Visual Studio 2010\Projects\RedKid3D\RedKid3D Editor\Debug\foundationchecked.pdb"; компоновка объекта выполняется как при отсутствии отладочных данных
     1>FoundationCHECKED.lib(PsWindowsSync.obj) : warning LNK4099: "foundationchecked.pdb" PDB не найден с "FoundationCHECKED.lib(PsWindowsSync.obj)" или на "C:\Users\123\Documents\Visual Studio 2010\Projects\RedKid3D\RedKid3D Editor\Debug\foundationchecked.pdb"; компоновка объекта выполняется как при отсутствии отладочных данных
     1>FoundationCHECKED.lib(PsWindowsThread.obj) : warning LNK4099: "foundationchecked.pdb" PDB не найден с "FoundationCHECKED.lib(PsWindowsThread.obj)" или на "C:\Users\123\Documents\Visual Studio 2010\Projects\RedKid3D\RedKid3D Editor\Debug\foundationchecked.pdb"; компоновка объекта выполняется как при отсутствии отладочных данных
     1>FoundationCHECKED.lib(PsAllocator.obj) : warning LNK4099: "foundationchecked.pdb" PDB не найден с "FoundationCHECKED.lib(PsAllocator.obj)" или на "C:\Users\123\Documents\Visual Studio 2010\Projects\RedKid3D\RedKid3D Editor\Debug\foundationchecked.pdb"; компоновка объекта выполняется как при отсутствии отладочных данных
     1>FoundationCHECKED.lib(PsFoundation.obj) : warning LNK4099: "foundationchecked.pdb" PDB не найден с "FoundationCHECKED.lib(PsFoundation.obj)" или на "C:\Users\123\Documents\Visual Studio 2010\Projects\RedKid3D\RedKid3D Editor\Debug\foundationchecked.pdb"; компоновка объекта выполняется как при отсутствии отладочных данных
     1>PxTaskCHECKED.lib(CudaWrapper.obj) : warning LNK4099: "pxtaskchecked.pdb" PDB не найден с "PxTaskCHECKED.lib(CudaWrapper.obj)" или на "C:\Users\123\Documents\Visual Studio 2010\Projects\RedKid3D\RedKid3D Editor\Debug\pxtaskchecked.pdb"; компоновка объекта выполняется как при отсутствии отладочных данных
         RedKid Dll.vcxproj -> C:\Users\123\Documents\Visual Studio 2010\Projects\RedKid3D\RedKid3D Editor\Debug\RedKid3D Dll.dll
       Manifest:
         C:\Program Files (x86)\Microsoft SDKs\Windows\v7.0A\bin\mt.exe /nologo /verbose /outputresource:"C:\Users\123\Documents\Visual Studio 2010\Projects\RedKid3D\RedKid3D Editor\Debug\RedKid3D Dll.dll;#2" /manifest "Debug\RedKid3D Dll.dll.intermediate.manifest"
       FinalizeBuildStatus:
         Файл "Debug\RedKid3D Dll.unsuccessfulbuild" удаляется.
         Обращение к "Debug\RedKid3D Dll.lastbuildstate".
     1>Построение проекта "C:\Users\123\Documents\Visual Studio 2010\Projects\RedKid3D\RedKid3D Dll\RedKid Dll.vcxproj" завершено (целевые объекты rebuild).

Построение успешно завершено.

Затраченное время: 00:00:11.31
