C:\USERS\123\DOCUMENTS\VISUAL STUDIO 2010\PROJECTS\REDKIDPROJECT\REDKID DLL\DEBUG\.NETFRAMEWORK,VERSION=V4.0.ASSEMBLYATTRIBUTES.OBJ
C:\USERS\123\DOCUMENTS\VISUAL STUDIO 2010\PROJECTS\REDKIDPROJECT\REDKID DLL\DEBUG\APP.RES
C:\USERS\123\DOCUMENTS\VISUAL STUDIO 2010\PROJECTS\REDKIDPROJECT\REDKID DLL\DEBUG\ASSEMBLYINFO.OBJ
C:\Users\123\Documents\Visual Studio 2010\Projects\RedKidProject\RedKid Dll\Debug\cl.command.1.tlog
C:\Users\123\Documents\Visual Studio 2010\Projects\RedKidProject\RedKid Dll\Debug\CL.read.1.tlog
C:\Users\123\Documents\Visual Studio 2010\Projects\RedKidProject\RedKid Dll\Debug\CL.write.1.tlog
C:\Users\123\Documents\Visual Studio 2010\Projects\RedKidProject\RedKid Dll\Debug\link.1588.read.1.tlog
C:\Users\123\Documents\Visual Studio 2010\Projects\RedKidProject\RedKid Dll\Debug\link.1588.write.1.tlog
C:\Users\123\Documents\Visual Studio 2010\Projects\RedKidProject\RedKid Dll\Debug\link.1588-cvtres.read.1.tlog
C:\Users\123\Documents\Visual Studio 2010\Projects\RedKidProject\RedKid Dll\Debug\link.1588-cvtres.write.1.tlog
C:\Users\123\Documents\Visual Studio 2010\Projects\RedKidProject\RedKid Dll\Debug\link.3556.read.1.tlog
C:\Users\123\Documents\Visual Studio 2010\Projects\RedKidProject\RedKid Dll\Debug\link.3556.write.1.tlog
C:\Users\123\Documents\Visual Studio 2010\Projects\RedKidProject\RedKid Dll\Debug\link.3556-cvtres.read.1.tlog
C:\Users\123\Documents\Visual Studio 2010\Projects\RedKidProject\RedKid Dll\Debug\link.3556-cvtres.write.1.tlog
C:\Users\123\Documents\Visual Studio 2010\Projects\RedKidProject\RedKid Dll\Debug\link.3964.read.1.tlog
C:\Users\123\Documents\Visual Studio 2010\Projects\RedKidProject\RedKid Dll\Debug\link.3964.write.1.tlog
C:\Users\123\Documents\Visual Studio 2010\Projects\RedKidProject\RedKid Dll\Debug\link.3964-cvtres.read.1.tlog
C:\Users\123\Documents\Visual Studio 2010\Projects\RedKidProject\RedKid Dll\Debug\link.3964-cvtres.write.1.tlog
C:\Users\123\Documents\Visual Studio 2010\Projects\RedKidProject\RedKid Dll\Debug\link.3972.read.1.tlog
C:\Users\123\Documents\Visual Studio 2010\Projects\RedKidProject\RedKid Dll\Debug\link.3972.write.1.tlog
C:\Users\123\Documents\Visual Studio 2010\Projects\RedKidProject\RedKid Dll\Debug\link.3972-cvtres.read.1.tlog
C:\Users\123\Documents\Visual Studio 2010\Projects\RedKidProject\RedKid Dll\Debug\link.3972-cvtres.write.1.tlog
C:\Users\123\Documents\Visual Studio 2010\Projects\RedKidProject\RedKid Dll\Debug\link.3992.read.1.tlog
C:\Users\123\Documents\Visual Studio 2010\Projects\RedKidProject\RedKid Dll\Debug\link.3992.write.1.tlog
C:\Users\123\Documents\Visual Studio 2010\Projects\RedKidProject\RedKid Dll\Debug\link.3992-cvtres.read.1.tlog
C:\Users\123\Documents\Visual Studio 2010\Projects\RedKidProject\RedKid Dll\Debug\link.3992-cvtres.write.1.tlog
C:\Users\123\Documents\Visual Studio 2010\Projects\RedKidProject\RedKid Dll\Debug\link.4320.read.1.tlog
C:\Users\123\Documents\Visual Studio 2010\Projects\RedKidProject\RedKid Dll\Debug\link.4320.write.1.tlog
C:\Users\123\Documents\Visual Studio 2010\Projects\RedKidProject\RedKid Dll\Debug\link.4320-cvtres.read.1.tlog
C:\Users\123\Documents\Visual Studio 2010\Projects\RedKidProject\RedKid Dll\Debug\link.4320-cvtres.write.1.tlog
C:\Users\123\Documents\Visual Studio 2010\Projects\RedKidProject\RedKid Dll\Debug\link.4384.read.1.tlog
C:\Users\123\Documents\Visual Studio 2010\Projects\RedKidProject\RedKid Dll\Debug\link.4384.write.1.tlog
C:\Users\123\Documents\Visual Studio 2010\Projects\RedKidProject\RedKid Dll\Debug\link.4384-cvtres.read.1.tlog
C:\Users\123\Documents\Visual Studio 2010\Projects\RedKidProject\RedKid Dll\Debug\link.4384-cvtres.write.1.tlog
C:\Users\123\Documents\Visual Studio 2010\Projects\RedKidProject\RedKid Dll\Debug\link.4436.read.1.tlog
C:\Users\123\Documents\Visual Studio 2010\Projects\RedKidProject\RedKid Dll\Debug\link.4436.write.1.tlog
C:\Users\123\Documents\Visual Studio 2010\Projects\RedKidProject\RedKid Dll\Debug\link.4436-cvtres.read.1.tlog
C:\Users\123\Documents\Visual Studio 2010\Projects\RedKidProject\RedKid Dll\Debug\link.4436-cvtres.write.1.tlog
C:\Users\123\Documents\Visual Studio 2010\Projects\RedKidProject\RedKid Dll\Debug\link.4616.read.1.tlog
C:\Users\123\Documents\Visual Studio 2010\Projects\RedKidProject\RedKid Dll\Debug\link.4616.write.1.tlog
C:\Users\123\Documents\Visual Studio 2010\Projects\RedKidProject\RedKid Dll\Debug\link.4616-cvtres.read.1.tlog
C:\Users\123\Documents\Visual Studio 2010\Projects\RedKidProject\RedKid Dll\Debug\link.4616-cvtres.write.1.tlog
C:\Users\123\Documents\Visual Studio 2010\Projects\RedKidProject\RedKid Dll\Debug\link.4736.read.1.tlog
C:\Users\123\Documents\Visual Studio 2010\Projects\RedKidProject\RedKid Dll\Debug\link.4736.write.1.tlog
C:\Users\123\Documents\Visual Studio 2010\Projects\RedKidProject\RedKid Dll\Debug\link.4736-cvtres.read.1.tlog
C:\Users\123\Documents\Visual Studio 2010\Projects\RedKidProject\RedKid Dll\Debug\link.4736-cvtres.write.1.tlog
C:\Users\123\Documents\Visual Studio 2010\Projects\RedKidProject\RedKid Dll\Debug\link.4828.read.1.tlog
C:\Users\123\Documents\Visual Studio 2010\Projects\RedKidProject\RedKid Dll\Debug\link.4828.write.1.tlog
C:\Users\123\Documents\Visual Studio 2010\Projects\RedKidProject\RedKid Dll\Debug\link.4828-cvtres.read.1.tlog
C:\Users\123\Documents\Visual Studio 2010\Projects\RedKidProject\RedKid Dll\Debug\link.4828-cvtres.write.1.tlog
C:\Users\123\Documents\Visual Studio 2010\Projects\RedKidProject\RedKid Dll\Debug\link.4980.read.1.tlog
C:\Users\123\Documents\Visual Studio 2010\Projects\RedKidProject\RedKid Dll\Debug\link.4980.write.1.tlog
C:\Users\123\Documents\Visual Studio 2010\Projects\RedKidProject\RedKid Dll\Debug\link.4980-cvtres.read.1.tlog
C:\Users\123\Documents\Visual Studio 2010\Projects\RedKidProject\RedKid Dll\Debug\link.4980-cvtres.write.1.tlog
C:\Users\123\Documents\Visual Studio 2010\Projects\RedKidProject\RedKid Dll\Debug\link.5236.read.1.tlog
C:\Users\123\Documents\Visual Studio 2010\Projects\RedKidProject\RedKid Dll\Debug\link.5236.write.1.tlog
C:\Users\123\Documents\Visual Studio 2010\Projects\RedKidProject\RedKid Dll\Debug\link.5236-cvtres.read.1.tlog
C:\Users\123\Documents\Visual Studio 2010\Projects\RedKidProject\RedKid Dll\Debug\link.5236-cvtres.write.1.tlog
C:\Users\123\Documents\Visual Studio 2010\Projects\RedKidProject\RedKid Dll\Debug\link.5280.read.1.tlog
C:\Users\123\Documents\Visual Studio 2010\Projects\RedKidProject\RedKid Dll\Debug\link.5280.write.1.tlog
C:\Users\123\Documents\Visual Studio 2010\Projects\RedKidProject\RedKid Dll\Debug\link.5280-cvtres.read.1.tlog
C:\Users\123\Documents\Visual Studio 2010\Projects\RedKidProject\RedKid Dll\Debug\link.5280-cvtres.write.1.tlog
C:\Users\123\Documents\Visual Studio 2010\Projects\RedKidProject\RedKid Dll\Debug\link.5308.read.1.tlog
C:\Users\123\Documents\Visual Studio 2010\Projects\RedKidProject\RedKid Dll\Debug\link.5308.write.1.tlog
C:\Users\123\Documents\Visual Studio 2010\Projects\RedKidProject\RedKid Dll\Debug\link.5308-cvtres.read.1.tlog
C:\Users\123\Documents\Visual Studio 2010\Projects\RedKidProject\RedKid Dll\Debug\link.5308-cvtres.write.1.tlog
C:\Users\123\Documents\Visual Studio 2010\Projects\RedKidProject\RedKid Dll\Debug\link.5312.read.1.tlog
C:\Users\123\Documents\Visual Studio 2010\Projects\RedKidProject\RedKid Dll\Debug\link.5312.write.1.tlog
C:\Users\123\Documents\Visual Studio 2010\Projects\RedKidProject\RedKid Dll\Debug\link.5312-cvtres.read.1.tlog
C:\Users\123\Documents\Visual Studio 2010\Projects\RedKidProject\RedKid Dll\Debug\link.5312-cvtres.write.1.tlog
C:\Users\123\Documents\Visual Studio 2010\Projects\RedKidProject\RedKid Dll\Debug\link.5328.read.1.tlog
C:\Users\123\Documents\Visual Studio 2010\Projects\RedKidProject\RedKid Dll\Debug\link.5328.write.1.tlog
C:\Users\123\Documents\Visual Studio 2010\Projects\RedKidProject\RedKid Dll\Debug\link.5328-cvtres.read.1.tlog
C:\Users\123\Documents\Visual Studio 2010\Projects\RedKidProject\RedKid Dll\Debug\link.5328-cvtres.write.1.tlog
C:\Users\123\Documents\Visual Studio 2010\Projects\RedKidProject\RedKid Dll\Debug\link.5456.read.1.tlog
C:\Users\123\Documents\Visual Studio 2010\Projects\RedKidProject\RedKid Dll\Debug\link.5456.write.1.tlog
C:\Users\123\Documents\Visual Studio 2010\Projects\RedKidProject\RedKid Dll\Debug\link.5456-cvtres.read.1.tlog
C:\Users\123\Documents\Visual Studio 2010\Projects\RedKidProject\RedKid Dll\Debug\link.5456-cvtres.write.1.tlog
C:\Users\123\Documents\Visual Studio 2010\Projects\RedKidProject\RedKid Dll\Debug\link.5684.read.1.tlog
C:\Users\123\Documents\Visual Studio 2010\Projects\RedKidProject\RedKid Dll\Debug\link.5684.write.1.tlog
C:\Users\123\Documents\Visual Studio 2010\Projects\RedKidProject\RedKid Dll\Debug\link.5684-cvtres.read.1.tlog
C:\Users\123\Documents\Visual Studio 2010\Projects\RedKidProject\RedKid Dll\Debug\link.5684-cvtres.write.1.tlog
C:\Users\123\Documents\Visual Studio 2010\Projects\RedKidProject\RedKid Dll\Debug\link.5720.read.1.tlog
C:\Users\123\Documents\Visual Studio 2010\Projects\RedKidProject\RedKid Dll\Debug\link.5720.write.1.tlog
C:\Users\123\Documents\Visual Studio 2010\Projects\RedKidProject\RedKid Dll\Debug\link.5720-cvtres.read.1.tlog
C:\Users\123\Documents\Visual Studio 2010\Projects\RedKidProject\RedKid Dll\Debug\link.5720-cvtres.write.1.tlog
C:\Users\123\Documents\Visual Studio 2010\Projects\RedKidProject\RedKid Dll\Debug\link.5808.read.1.tlog
C:\Users\123\Documents\Visual Studio 2010\Projects\RedKidProject\RedKid Dll\Debug\link.5808.write.1.tlog
C:\Users\123\Documents\Visual Studio 2010\Projects\RedKidProject\RedKid Dll\Debug\link.5808-cvtres.read.1.tlog
C:\Users\123\Documents\Visual Studio 2010\Projects\RedKidProject\RedKid Dll\Debug\link.5808-cvtres.write.1.tlog
C:\Users\123\Documents\Visual Studio 2010\Projects\RedKidProject\RedKid Dll\Debug\link.6020.read.1.tlog
C:\Users\123\Documents\Visual Studio 2010\Projects\RedKidProject\RedKid Dll\Debug\link.6020.write.1.tlog
C:\Users\123\Documents\Visual Studio 2010\Projects\RedKidProject\RedKid Dll\Debug\link.6020-cvtres.read.1.tlog
C:\Users\123\Documents\Visual Studio 2010\Projects\RedKidProject\RedKid Dll\Debug\link.6020-cvtres.write.1.tlog
C:\Users\123\Documents\Visual Studio 2010\Projects\RedKidProject\RedKid Dll\Debug\link.6032.read.1.tlog
C:\Users\123\Documents\Visual Studio 2010\Projects\RedKidProject\RedKid Dll\Debug\link.6032.write.1.tlog
C:\Users\123\Documents\Visual Studio 2010\Projects\RedKidProject\RedKid Dll\Debug\link.6032-cvtres.read.1.tlog
C:\Users\123\Documents\Visual Studio 2010\Projects\RedKidProject\RedKid Dll\Debug\link.6032-cvtres.write.1.tlog
C:\Users\123\Documents\Visual Studio 2010\Projects\RedKidProject\RedKid Dll\Debug\link.6176.read.1.tlog
C:\Users\123\Documents\Visual Studio 2010\Projects\RedKidProject\RedKid Dll\Debug\link.6176.write.1.tlog
C:\Users\123\Documents\Visual Studio 2010\Projects\RedKidProject\RedKid Dll\Debug\link.6176-cvtres.read.1.tlog
C:\Users\123\Documents\Visual Studio 2010\Projects\RedKidProject\RedKid Dll\Debug\link.6176-cvtres.write.1.tlog
C:\Users\123\Documents\Visual Studio 2010\Projects\RedKidProject\RedKid Dll\Debug\link.6332.read.1.tlog
C:\Users\123\Documents\Visual Studio 2010\Projects\RedKidProject\RedKid Dll\Debug\link.6332.write.1.tlog
C:\Users\123\Documents\Visual Studio 2010\Projects\RedKidProject\RedKid Dll\Debug\link.6332-cvtres.read.1.tlog
C:\Users\123\Documents\Visual Studio 2010\Projects\RedKidProject\RedKid Dll\Debug\link.6332-cvtres.write.1.tlog
C:\Users\123\Documents\Visual Studio 2010\Projects\RedKidProject\RedKid Dll\Debug\link.6436.read.1.tlog
C:\Users\123\Documents\Visual Studio 2010\Projects\RedKidProject\RedKid Dll\Debug\link.6436.write.1.tlog
C:\Users\123\Documents\Visual Studio 2010\Projects\RedKidProject\RedKid Dll\Debug\link.6436-cvtres.read.1.tlog
C:\Users\123\Documents\Visual Studio 2010\Projects\RedKidProject\RedKid Dll\Debug\link.6436-cvtres.write.1.tlog
C:\Users\123\Documents\Visual Studio 2010\Projects\RedKidProject\RedKid Dll\Debug\link.6580.read.1.tlog
C:\Users\123\Documents\Visual Studio 2010\Projects\RedKidProject\RedKid Dll\Debug\link.6580.write.1.tlog
C:\Users\123\Documents\Visual Studio 2010\Projects\RedKidProject\RedKid Dll\Debug\link.6580-cvtres.read.1.tlog
C:\Users\123\Documents\Visual Studio 2010\Projects\RedKidProject\RedKid Dll\Debug\link.6580-cvtres.write.1.tlog
C:\Users\123\Documents\Visual Studio 2010\Projects\RedKidProject\RedKid Dll\Debug\link.6660.read.1.tlog
C:\Users\123\Documents\Visual Studio 2010\Projects\RedKidProject\RedKid Dll\Debug\link.6660.write.1.tlog
C:\Users\123\Documents\Visual Studio 2010\Projects\RedKidProject\RedKid Dll\Debug\link.6660-cvtres.read.1.tlog
C:\Users\123\Documents\Visual Studio 2010\Projects\RedKidProject\RedKid Dll\Debug\link.6660-cvtres.write.1.tlog
C:\Users\123\Documents\Visual Studio 2010\Projects\RedKidProject\RedKid Dll\Debug\link.6712.read.1.tlog
C:\Users\123\Documents\Visual Studio 2010\Projects\RedKidProject\RedKid Dll\Debug\link.6712.write.1.tlog
C:\Users\123\Documents\Visual Studio 2010\Projects\RedKidProject\RedKid Dll\Debug\link.6712-cvtres.read.1.tlog
C:\Users\123\Documents\Visual Studio 2010\Projects\RedKidProject\RedKid Dll\Debug\link.6712-cvtres.write.1.tlog
C:\Users\123\Documents\Visual Studio 2010\Projects\RedKidProject\RedKid Dll\Debug\link.6720.read.1.tlog
C:\Users\123\Documents\Visual Studio 2010\Projects\RedKidProject\RedKid Dll\Debug\link.6720.write.1.tlog
C:\Users\123\Documents\Visual Studio 2010\Projects\RedKidProject\RedKid Dll\Debug\link.6720-cvtres.read.1.tlog
C:\Users\123\Documents\Visual Studio 2010\Projects\RedKidProject\RedKid Dll\Debug\link.6720-cvtres.write.1.tlog
C:\Users\123\Documents\Visual Studio 2010\Projects\RedKidProject\RedKid Dll\Debug\link.6860.read.1.tlog
C:\Users\123\Documents\Visual Studio 2010\Projects\RedKidProject\RedKid Dll\Debug\link.6860.write.1.tlog
C:\Users\123\Documents\Visual Studio 2010\Projects\RedKidProject\RedKid Dll\Debug\link.6860-cvtres.read.1.tlog
C:\Users\123\Documents\Visual Studio 2010\Projects\RedKidProject\RedKid Dll\Debug\link.6860-cvtres.write.1.tlog
C:\Users\123\Documents\Visual Studio 2010\Projects\RedKidProject\RedKid Dll\Debug\link.7300.read.1.tlog
C:\Users\123\Documents\Visual Studio 2010\Projects\RedKidProject\RedKid Dll\Debug\link.7300.write.1.tlog
C:\Users\123\Documents\Visual Studio 2010\Projects\RedKidProject\RedKid Dll\Debug\link.7300-cvtres.read.1.tlog
C:\Users\123\Documents\Visual Studio 2010\Projects\RedKidProject\RedKid Dll\Debug\link.7300-cvtres.write.1.tlog
C:\Users\123\Documents\Visual Studio 2010\Projects\RedKidProject\RedKid Dll\Debug\link.7592.read.1.tlog
C:\Users\123\Documents\Visual Studio 2010\Projects\RedKidProject\RedKid Dll\Debug\link.7592.write.1.tlog
C:\Users\123\Documents\Visual Studio 2010\Projects\RedKidProject\RedKid Dll\Debug\link.7592-cvtres.read.1.tlog
C:\Users\123\Documents\Visual Studio 2010\Projects\RedKidProject\RedKid Dll\Debug\link.7592-cvtres.write.1.tlog
C:\Users\123\Documents\Visual Studio 2010\Projects\RedKidProject\RedKid Dll\Debug\link.7700.read.1.tlog
C:\Users\123\Documents\Visual Studio 2010\Projects\RedKidProject\RedKid Dll\Debug\link.7700.write.1.tlog
C:\Users\123\Documents\Visual Studio 2010\Projects\RedKidProject\RedKid Dll\Debug\link.7700-cvtres.read.1.tlog
C:\Users\123\Documents\Visual Studio 2010\Projects\RedKidProject\RedKid Dll\Debug\link.7700-cvtres.write.1.tlog
C:\Users\123\Documents\Visual Studio 2010\Projects\RedKidProject\RedKid Dll\Debug\link.8024.read.1.tlog
C:\Users\123\Documents\Visual Studio 2010\Projects\RedKidProject\RedKid Dll\Debug\link.8024.write.1.tlog
C:\Users\123\Documents\Visual Studio 2010\Projects\RedKidProject\RedKid Dll\Debug\link.8024-cvtres.read.1.tlog
C:\Users\123\Documents\Visual Studio 2010\Projects\RedKidProject\RedKid Dll\Debug\link.8024-cvtres.write.1.tlog
C:\Users\123\Documents\Visual Studio 2010\Projects\RedKidProject\RedKid Dll\Debug\link.command.1.tlog
C:\Users\123\Documents\Visual Studio 2010\Projects\RedKidProject\RedKid Dll\Debug\link.read.1.tlog
C:\Users\123\Documents\Visual Studio 2010\Projects\RedKidProject\RedKid Dll\Debug\link.write.1.tlog
C:\Users\123\Documents\Visual Studio 2010\Projects\RedKidProject\RedKid Dll\Debug\metagen.read.1.tlog
C:\Users\123\Documents\Visual Studio 2010\Projects\RedKidProject\RedKid Dll\Debug\metagen.write.1.tlog
C:\Users\123\Documents\Visual Studio 2010\Projects\RedKidProject\RedKid Dll\Debug\mt.command.1.tlog
C:\Users\123\Documents\Visual Studio 2010\Projects\RedKidProject\RedKid Dll\Debug\mt.read.1.tlog
C:\Users\123\Documents\Visual Studio 2010\Projects\RedKidProject\RedKid Dll\Debug\mt.write.1.tlog
C:\USERS\123\DOCUMENTS\VISUAL STUDIO 2010\PROJECTS\REDKIDPROJECT\REDKID DLL\DEBUG\PHYSXDEFAULTALLOCATOR.OBJ
C:\USERS\123\DOCUMENTS\VISUAL STUDIO 2010\PROJECTS\REDKIDPROJECT\REDKID DLL\DEBUG\PHYSXERRORCALLBACK.OBJ
C:\Users\123\Documents\Visual Studio 2010\Projects\RedKidProject\RedKid Dll\Debug\rc.command.1.tlog
C:\Users\123\Documents\Visual Studio 2010\Projects\RedKidProject\RedKid Dll\Debug\rc.read.1.tlog
C:\Users\123\Documents\Visual Studio 2010\Projects\RedKidProject\RedKid Dll\Debug\rc.write.1.tlog
C:\USERS\123\DOCUMENTS\VISUAL STUDIO 2010\PROJECTS\REDKIDPROJECT\REDKID DLL\DEBUG\REDKID DLL.DLL.INTERMEDIATE.MANIFEST
C:\USERS\123\DOCUMENTS\VISUAL STUDIO 2010\PROJECTS\REDKIDPROJECT\REDKID DLL\DEBUG\REDKID DLL.OBJ
C:\USERS\123\DOCUMENTS\VISUAL STUDIO 2010\PROJECTS\REDKIDPROJECT\REDKID DLL\DEBUG\REDKID DLL.PCH
C:\Users\123\Documents\Visual Studio 2010\Projects\RedKidProject\RedKid Dll\Debug\RedKid Dll.write.1.tlog
C:\Users\123\Documents\Visual Studio 2010\Projects\RedKidProject\RedKid Dll\Debug\RSAENH.DLL.bi
C:\USERS\123\DOCUMENTS\VISUAL STUDIO 2010\PROJECTS\REDKIDPROJECT\REDKID DLL\DEBUG\STDAFX.OBJ
C:\Users\123\Documents\Visual Studio 2010\Projects\RedKidProject\RedKid Dll\Debug\TZRES.DLL.bi
C:\USERS\123\DOCUMENTS\VISUAL STUDIO 2010\PROJECTS\REDKIDPROJECT\REDKID DLL\DEBUG\VC100.PDB
C:\USERS\123\DOCUMENTS\VISUAL STUDIO 2010\PROJECTS\REDKIDPROJECT\REDKID ENGINE\DEBUG\REDKID DLL.DLL
C:\Users\123\Documents\Visual Studio 2010\Projects\RedKidProject\RedKid Engine\Debug\RedKid Dll.exp
C:\USERS\123\DOCUMENTS\VISUAL STUDIO 2010\PROJECTS\REDKIDPROJECT\REDKID ENGINE\DEBUG\REDKID DLL.ILK
C:\Users\123\Documents\Visual Studio 2010\Projects\RedKidProject\RedKid Engine\Debug\RedKid Dll.lib
C:\USERS\123\DOCUMENTS\VISUAL STUDIO 2010\PROJECTS\REDKIDPROJECT\REDKID ENGINE\DEBUG\REDKID DLL.PDB
