C:\USERS\123\DOCUMENTS\VISUAL STUDIO 2010\PROJECTS\REDKID3D\REDKID3D DLL\DEBUG\.NETFRAMEWORK,VERSION=V4.0.ASSEMBLYATTRIBUTES.OBJ
C:\USERS\123\DOCUMENTS\VISUAL STUDIO 2010\PROJECTS\REDKID3D\REDKID3D DLL\DEBUG\APP.RES
C:\USERS\123\DOCUMENTS\VISUAL STUDIO 2010\PROJECTS\REDKID3D\REDKID3D DLL\DEBUG\ASSEMBLYINFO.OBJ
C:\Users\123\Documents\Visual Studio 2010\Projects\RedKid3D\RedKid3D Dll\Debug\cl.command.1.tlog
C:\Users\123\Documents\Visual Studio 2010\Projects\RedKid3D\RedKid3D Dll\Debug\CL.read.1.tlog
C:\Users\123\Documents\Visual Studio 2010\Projects\RedKid3D\RedKid3D Dll\Debug\CL.write.1.tlog
C:\Users\123\Documents\Visual Studio 2010\Projects\RedKid3D\RedKid3D Dll\Debug\link.12820.read.1.tlog
C:\Users\123\Documents\Visual Studio 2010\Projects\RedKid3D\RedKid3D Dll\Debug\link.12820.write.1.tlog
C:\Users\123\Documents\Visual Studio 2010\Projects\RedKid3D\RedKid3D Dll\Debug\link.12820-cvtres.read.1.tlog
C:\Users\123\Documents\Visual Studio 2010\Projects\RedKid3D\RedKid3D Dll\Debug\link.12820-cvtres.write.1.tlog
C:\Users\123\Documents\Visual Studio 2010\Projects\RedKid3D\RedKid3D Dll\Debug\link.command.1.tlog
C:\Users\123\Documents\Visual Studio 2010\Projects\RedKid3D\RedKid3D Dll\Debug\link.read.1.tlog
C:\Users\123\Documents\Visual Studio 2010\Projects\RedKid3D\RedKid3D Dll\Debug\link.write.1.tlog
C:\Users\123\Documents\Visual Studio 2010\Projects\RedKid3D\RedKid3D Dll\Debug\metagen.read.1.tlog
C:\Users\123\Documents\Visual Studio 2010\Projects\RedKid3D\RedKid3D Dll\Debug\metagen.write.1.tlog
C:\Users\123\Documents\Visual Studio 2010\Projects\RedKid3D\RedKid3D Dll\Debug\mt.command.1.tlog
C:\Users\123\Documents\Visual Studio 2010\Projects\RedKid3D\RedKid3D Dll\Debug\mt.read.1.tlog
C:\Users\123\Documents\Visual Studio 2010\Projects\RedKid3D\RedKid3D Dll\Debug\mt.write.1.tlog
C:\USERS\123\DOCUMENTS\VISUAL STUDIO 2010\PROJECTS\REDKID3D\REDKID3D DLL\DEBUG\PHYSXDEFAULTALLOCATOR.OBJ
C:\USERS\123\DOCUMENTS\VISUAL STUDIO 2010\PROJECTS\REDKID3D\REDKID3D DLL\DEBUG\PHYSXERRORCALLBACK.OBJ
C:\Users\123\Documents\Visual Studio 2010\Projects\RedKid3D\RedKid3D Dll\Debug\rc.command.1.tlog
C:\Users\123\Documents\Visual Studio 2010\Projects\RedKid3D\RedKid3D Dll\Debug\rc.read.1.tlog
C:\Users\123\Documents\Visual Studio 2010\Projects\RedKid3D\RedKid3D Dll\Debug\rc.write.1.tlog
C:\USERS\123\DOCUMENTS\VISUAL STUDIO 2010\PROJECTS\REDKID3D\REDKID3D DLL\DEBUG\REDKID DLL.OBJ
C:\USERS\123\DOCUMENTS\VISUAL STUDIO 2010\PROJECTS\REDKID3D\REDKID3D DLL\DEBUG\REDKID3D DLL.DLL.INTERMEDIATE.MANIFEST
C:\USERS\123\DOCUMENTS\VISUAL STUDIO 2010\PROJECTS\REDKID3D\REDKID3D DLL\DEBUG\REDKID3D DLL.PCH
C:\Users\123\Documents\Visual Studio 2010\Projects\RedKid3D\RedKid3D Dll\Debug\RedKid3D Dll.write.1.tlog
C:\Users\123\Documents\Visual Studio 2010\Projects\RedKid3D\RedKid3D Dll\Debug\RSAENH.DLL.bi
C:\USERS\123\DOCUMENTS\VISUAL STUDIO 2010\PROJECTS\REDKID3D\REDKID3D DLL\DEBUG\STDAFX.OBJ
C:\Users\123\Documents\Visual Studio 2010\Projects\RedKid3D\RedKid3D Dll\Debug\TZRES.DLL.bi
C:\USERS\123\DOCUMENTS\VISUAL STUDIO 2010\PROJECTS\REDKID3D\REDKID3D DLL\DEBUG\VC100.PDB
C:\USERS\123\DOCUMENTS\VISUAL STUDIO 2010\PROJECTS\REDKID3D\REDKID3D EDITOR\DEBUG\REDKID3D DLL.DLL
C:\Users\123\Documents\Visual Studio 2010\Projects\RedKid3D\RedKid3D Editor\Debug\RedKid3D Dll.exp
C:\USERS\123\DOCUMENTS\VISUAL STUDIO 2010\PROJECTS\REDKID3D\REDKID3D EDITOR\DEBUG\REDKID3D DLL.ILK
C:\Users\123\Documents\Visual Studio 2010\Projects\RedKid3D\RedKid3D Editor\Debug\RedKid3D Dll.lib
C:\USERS\123\DOCUMENTS\VISUAL STUDIO 2010\PROJECTS\REDKID3D\REDKID3D EDITOR\DEBUG\REDKID3D DLL.PDB
