C:\Users\123\Documents\Visual Studio 2010\Projects\RedKidProject\RedDogGame\\RedDogGame.exe
C:\Users\123\Documents\Visual Studio 2010\Projects\RedKidProject\RedDogGame\\RedDogGame.pdb
C:\Users\123\Documents\Visual Studio 2010\Projects\RedKidProject\RedDogGame\Debug\CL.1196.read.1.tlog
C:\Users\123\Documents\Visual Studio 2010\Projects\RedKidProject\RedDogGame\Debug\CL.1196.write.1.tlog
C:\Users\123\Documents\Visual Studio 2010\Projects\RedKidProject\RedDogGame\Debug\CL.1784.read.1.tlog
C:\Users\123\Documents\Visual Studio 2010\Projects\RedKidProject\RedDogGame\Debug\CL.1784.write.1.tlog
C:\Users\123\Documents\Visual Studio 2010\Projects\RedKidProject\RedDogGame\Debug\CL.2380.read.1.tlog
C:\Users\123\Documents\Visual Studio 2010\Projects\RedKidProject\RedDogGame\Debug\CL.2380.write.1.tlog
C:\Users\123\Documents\Visual Studio 2010\Projects\RedKidProject\RedDogGame\Debug\CL.2636.read.1.tlog
C:\Users\123\Documents\Visual Studio 2010\Projects\RedKidProject\RedDogGame\Debug\CL.2636.write.1.tlog
C:\Users\123\Documents\Visual Studio 2010\Projects\RedKidProject\RedDogGame\Debug\CL.3600.read.1.tlog
C:\Users\123\Documents\Visual Studio 2010\Projects\RedKidProject\RedDogGame\Debug\CL.3600.write.1.tlog
C:\Users\123\Documents\Visual Studio 2010\Projects\RedKidProject\RedDogGame\Debug\CL.4456.read.1.tlog
C:\Users\123\Documents\Visual Studio 2010\Projects\RedKidProject\RedDogGame\Debug\CL.4456.write.1.tlog
C:\Users\123\Documents\Visual Studio 2010\Projects\RedKidProject\RedDogGame\Debug\CL.4864.read.1.tlog
C:\Users\123\Documents\Visual Studio 2010\Projects\RedKidProject\RedDogGame\Debug\CL.4864.write.1.tlog
C:\Users\123\Documents\Visual Studio 2010\Projects\RedKidProject\RedDogGame\Debug\CL.4880.read.1.tlog
C:\Users\123\Documents\Visual Studio 2010\Projects\RedKidProject\RedDogGame\Debug\CL.4880.write.1.tlog
C:\Users\123\Documents\Visual Studio 2010\Projects\RedKidProject\RedDogGame\Debug\CL.5020.read.1.tlog
C:\Users\123\Documents\Visual Studio 2010\Projects\RedKidProject\RedDogGame\Debug\CL.5020.write.1.tlog
C:\Users\123\Documents\Visual Studio 2010\Projects\RedKidProject\RedDogGame\Debug\CL.5048.read.1.tlog
C:\Users\123\Documents\Visual Studio 2010\Projects\RedKidProject\RedDogGame\Debug\CL.5048.write.1.tlog
C:\Users\123\Documents\Visual Studio 2010\Projects\RedKidProject\RedDogGame\Debug\CL.5160.read.1.tlog
C:\Users\123\Documents\Visual Studio 2010\Projects\RedKidProject\RedDogGame\Debug\CL.5160.write.1.tlog
C:\Users\123\Documents\Visual Studio 2010\Projects\RedKidProject\RedDogGame\Debug\CL.5240.read.1.tlog
C:\Users\123\Documents\Visual Studio 2010\Projects\RedKidProject\RedDogGame\Debug\CL.5240.write.1.tlog
C:\Users\123\Documents\Visual Studio 2010\Projects\RedKidProject\RedDogGame\Debug\CL.5324.read.1.tlog
C:\Users\123\Documents\Visual Studio 2010\Projects\RedKidProject\RedDogGame\Debug\CL.5324.write.1.tlog
C:\Users\123\Documents\Visual Studio 2010\Projects\RedKidProject\RedDogGame\Debug\CL.5544.read.1.tlog
C:\Users\123\Documents\Visual Studio 2010\Projects\RedKidProject\RedDogGame\Debug\CL.5544.write.1.tlog
C:\Users\123\Documents\Visual Studio 2010\Projects\RedKidProject\RedDogGame\Debug\CL.5728.read.1.tlog
C:\Users\123\Documents\Visual Studio 2010\Projects\RedKidProject\RedDogGame\Debug\CL.5728.write.1.tlog
C:\Users\123\Documents\Visual Studio 2010\Projects\RedKidProject\RedDogGame\Debug\CL.6068.read.1.tlog
C:\Users\123\Documents\Visual Studio 2010\Projects\RedKidProject\RedDogGame\Debug\CL.6068.write.1.tlog
C:\Users\123\Documents\Visual Studio 2010\Projects\RedKidProject\RedDogGame\Debug\CL.6596.read.1.tlog
C:\Users\123\Documents\Visual Studio 2010\Projects\RedKidProject\RedDogGame\Debug\CL.6596.write.1.tlog
C:\Users\123\Documents\Visual Studio 2010\Projects\RedKidProject\RedDogGame\Debug\CL.7132.read.1.tlog
C:\Users\123\Documents\Visual Studio 2010\Projects\RedKidProject\RedDogGame\Debug\CL.7132.write.1.tlog
C:\Users\123\Documents\Visual Studio 2010\Projects\RedKidProject\RedDogGame\Debug\CL.7548.read.1.tlog
C:\Users\123\Documents\Visual Studio 2010\Projects\RedKidProject\RedDogGame\Debug\CL.7548.write.1.tlog
C:\Users\123\Documents\Visual Studio 2010\Projects\RedKidProject\RedDogGame\Debug\CL.7724.read.1.tlog
C:\Users\123\Documents\Visual Studio 2010\Projects\RedKidProject\RedDogGame\Debug\CL.7724.write.1.tlog
C:\Users\123\Documents\Visual Studio 2010\Projects\RedKidProject\RedDogGame\Debug\CL.7960.read.1.tlog
C:\Users\123\Documents\Visual Studio 2010\Projects\RedKidProject\RedDogGame\Debug\CL.7960.write.1.tlog
C:\Users\123\Documents\Visual Studio 2010\Projects\RedKidProject\RedDogGame\Debug\CL.816.read.1.tlog
C:\Users\123\Documents\Visual Studio 2010\Projects\RedKidProject\RedDogGame\Debug\CL.816.write.1.tlog
C:\Users\123\Documents\Visual Studio 2010\Projects\RedKidProject\RedDogGame\Debug\CL.8540.read.1.tlog
C:\Users\123\Documents\Visual Studio 2010\Projects\RedKidProject\RedDogGame\Debug\CL.8540.write.1.tlog
C:\Users\123\Documents\Visual Studio 2010\Projects\RedKidProject\RedDogGame\Debug\CL.8960.read.1.tlog
C:\Users\123\Documents\Visual Studio 2010\Projects\RedKidProject\RedDogGame\Debug\CL.8960.write.1.tlog
C:\Users\123\Documents\Visual Studio 2010\Projects\RedKidProject\RedDogGame\Debug\CL.9160.read.1.tlog
C:\Users\123\Documents\Visual Studio 2010\Projects\RedKidProject\RedDogGame\Debug\CL.9160.write.1.tlog
C:\Users\123\Documents\Visual Studio 2010\Projects\RedKidProject\RedDogGame\Debug\CL.9168.read.1.tlog
C:\Users\123\Documents\Visual Studio 2010\Projects\RedKidProject\RedDogGame\Debug\CL.9168.write.1.tlog
C:\Users\123\Documents\Visual Studio 2010\Projects\RedKidProject\RedDogGame\Debug\CL.9176.read.1.tlog
C:\Users\123\Documents\Visual Studio 2010\Projects\RedKidProject\RedDogGame\Debug\CL.9176.write.1.tlog
C:\Users\123\Documents\Visual Studio 2010\Projects\RedKidProject\RedDogGame\Debug\cl.command.1.tlog
C:\Users\123\Documents\Visual Studio 2010\Projects\RedKidProject\RedDogGame\Debug\CL.read.1.tlog
C:\Users\123\Documents\Visual Studio 2010\Projects\RedKidProject\RedDogGame\Debug\CL.write.1.tlog
C:\Users\123\Documents\Visual Studio 2010\Projects\RedKidProject\RedDogGame\Debug\link.command.1.tlog
C:\Users\123\Documents\Visual Studio 2010\Projects\RedKidProject\RedDogGame\Debug\link.read.1.tlog
C:\Users\123\Documents\Visual Studio 2010\Projects\RedKidProject\RedDogGame\Debug\link.write.1.tlog
C:\Users\123\Documents\Visual Studio 2010\Projects\RedKidProject\RedDogGame\Debug\link-cvtres.read.1.tlog
C:\Users\123\Documents\Visual Studio 2010\Projects\RedKidProject\RedDogGame\Debug\link-cvtres.write.1.tlog
C:\Users\123\Documents\Visual Studio 2010\Projects\RedKidProject\RedDogGame\Debug\mt.command.1.tlog
C:\Users\123\Documents\Visual Studio 2010\Projects\RedKidProject\RedDogGame\Debug\mt.read.1.tlog
C:\Users\123\Documents\Visual Studio 2010\Projects\RedKidProject\RedDogGame\Debug\mt.write.1.tlog
C:\USERS\123\DOCUMENTS\VISUAL STUDIO 2010\PROJECTS\REDKIDPROJECT\REDDOGGAME\DEBUG\PHYSXDEFAULTALLOCATOR.OBJ
C:\USERS\123\DOCUMENTS\VISUAL STUDIO 2010\PROJECTS\REDKIDPROJECT\REDDOGGAME\DEBUG\PHYSXERRORCALLBACK.OBJ
C:\Users\123\Documents\Visual Studio 2010\Projects\RedKidProject\RedDogGame\Debug\rc.command.1.tlog
C:\Users\123\Documents\Visual Studio 2010\Projects\RedKidProject\RedDogGame\Debug\rc.read.1.tlog
C:\Users\123\Documents\Visual Studio 2010\Projects\RedKidProject\RedDogGame\Debug\rc.write.1.tlog
C:\USERS\123\DOCUMENTS\VISUAL STUDIO 2010\PROJECTS\REDKIDPROJECT\REDDOGGAME\DEBUG\REDDOGGAME.EXE.INTERMEDIATE.MANIFEST
C:\USERS\123\DOCUMENTS\VISUAL STUDIO 2010\PROJECTS\REDKIDPROJECT\REDDOGGAME\DEBUG\REDDOGGAME.OBJ
C:\USERS\123\DOCUMENTS\VISUAL STUDIO 2010\PROJECTS\REDKIDPROJECT\REDDOGGAME\DEBUG\REDDOGGAME.PCH
C:\USERS\123\DOCUMENTS\VISUAL STUDIO 2010\PROJECTS\REDKIDPROJECT\REDDOGGAME\DEBUG\REDDOGGAME.RES
C:\Users\123\Documents\Visual Studio 2010\Projects\RedKidProject\RedDogGame\Debug\RedDogGame.write.1.tlog
C:\USERS\123\DOCUMENTS\VISUAL STUDIO 2010\PROJECTS\REDKIDPROJECT\REDDOGGAME\DEBUG\STDAFX.OBJ
C:\Users\123\Documents\Visual Studio 2010\Projects\RedKidProject\RedDogGame\Debug\vc100.idb
C:\USERS\123\DOCUMENTS\VISUAL STUDIO 2010\PROJECTS\REDKIDPROJECT\REDDOGGAME\DEBUG\VC100.PDB
C:\USERS\123\DOCUMENTS\VISUAL STUDIO 2010\PROJECTS\REDKIDPROJECT\REDDOGGAME\REDDOGGAME.EXE
C:\Users\123\Documents\Visual Studio 2010\Projects\RedKidProject\RedDogGame\RedDogGame.exp
C:\Users\123\Documents\Visual Studio 2010\Projects\RedKidProject\RedDogGame\RedDogGame.lib
C:\USERS\123\DOCUMENTS\VISUAL STUDIO 2010\PROJECTS\REDKIDPROJECT\REDDOGGAME\REDDOGGAME.PDB
