Построение начато 21.02.2012 14:54:22.
     1>Проект "C:\Users\123\Documents\Visual Studio 2010\Projects\RedKidProject\RedDogGame\RedDogGame.vcxproj" в узле 2 (целевые объекты build).
     1>InitializeBuildStatus:
         Создание "Debug\RedKid game.unsuccessfulbuild", так как было задано "AlwaysCreate".
       ClCompile:
         Для всех выходных данных обновления не требуется.
         C:\Program Files (x86)\Microsoft Visual Studio 10.0\VC\bin\CL.exe /c /ZI /nologo /W3 /WX- /MP /Od /Oy- /D _ITERATOR_DEBUG_LEVEL=0 /D WIN32 /D _DEBUG /D _WINDOWS /D PHYSX_PROFILE_SDK /D _UNICODE /D UNICODE /Gm- /EHsc /RTC1 /MDd /GS /fp:precise /Zc:wchar_t /Zc:forScope /GR /Yu"StdAfx.h" /Fp"Debug\RedKid game.pch" /Fo"Debug\\" /Fd"Debug\vc100.pdb" /Gd /TP /analyze- /errorReport:prompt RedDogGame.cpp
         RedDogGame.cpp
       ResourceCompile:
         Для всех выходных данных обновления не требуется.
       Link:
         C:\Program Files (x86)\Microsoft Visual Studio 10.0\VC\bin\link.exe /ERRORREPORT:PROMPT /OUT:"C:\Users\123\Documents\Visual Studio 2010\Projects\RedKidProject\RedDogGame\\RedKid game.exe" /NOLOGO "RedKid Engine.lib" d3dx11.lib D3D11.lib D3DX10d.lib D3DX10.lib d3dcompiler.lib Effects11.lib dxguid.lib dxgi.lib dinput8.lib d2d1.lib dwrite.lib Foundation.lib PhysX3Common.lib PhysX3CharacterKinematic.lib PhysX3Vehicle.lib PhysX3Cooking_x86.lib PhysX3_x86.lib PhysX3Extensions.lib LowLevel.lib GeomUtils.lib SceneQuery.lib SimulationController.lib PvdRuntime.lib RepX3.lib FoundationCHECKED.lib PhysX3CHECKED_x86.lib PhysX3CookingCHECKED_x86.lib PhysX3CharacterKinematicCHECKED.lib PhysX3ExtensionsCHECKED.lib PhysX3VehicleCHECKED.lib GeomUtilsCHECKED.lib RepX3CHECKED.lib RepXUpgrader3CHECKED.lib PhysXProfileSDKCHECKED.lib PxTaskCHECKED.lib kernel32.lib user32.lib gdi32.lib winspool.lib comdlg32.lib advapi32.lib shell32.lib ole32.lib oleaut32.lib uuid.lib odbc32.lib odbccp32.lib /NODEFAULTLIB:LIBCMT.lib /MANIFEST /ManifestFile:"Debug\RedKid game.exe.intermediate.manifest" /MANIFESTUAC:"level='asInvoker' uiAccess='false'" /DEBUG /PDB:"C:\Users\123\Documents\Visual Studio 2010\Projects\RedKidProject\RedDogGame\RedKid game.pdb" /SUBSYSTEM:WINDOWS /TLBID:1 /DYNAMICBASE /NXCOMPAT /IMPLIB:"C:\Users\123\Documents\Visual Studio 2010\Projects\RedKidProject\RedDogGame\\RedKid game.lib" /MACHINE:X86 /PROFILE Debug\RedDogGame.res
         Debug\PhysXDefaultAllocator.obj
         Debug\PhysXErrorCallback.obj
         Debug\RedDogGame.obj
         Debug\stdafx.obj
     1>PhysXDefaultAllocator.obj : warning LNK4075: не учитывается "/EDITANDCONTINUE" из-за спецификации "/OPT:REF"
            Создается библиотека C:\Users\123\Documents\Visual Studio 2010\Projects\RedKidProject\RedDogGame\\RedKid game.lib и объект C:\Users\123\Documents\Visual Studio 2010\Projects\RedKidProject\RedDogGame\\RedKid game.exp
     1>PhysX3Extensions.lib(ExtCpuWorkerThread.obj) : warning LNK4099: "physx3extensions.pdb" PDB не найден с "PhysX3Extensions.lib(ExtCpuWorkerThread.obj)" или на "C:\Users\123\Documents\Visual Studio 2010\Projects\RedKidProject\RedDogGame\physx3extensions.pdb"; компоновка объекта выполняется как при отсутствии отладочных данных
     1>PhysX3Extensions.lib(ExtD6Joint.obj) : warning LNK4099: "physx3extensions.pdb" PDB не найден с "PhysX3Extensions.lib(ExtD6Joint.obj)" или на "C:\Users\123\Documents\Visual Studio 2010\Projects\RedKidProject\RedDogGame\physx3extensions.pdb"; компоновка объекта выполняется как при отсутствии отладочных данных
     1>PhysX3Extensions.lib(ExtD6JointSolverPrep.obj) : warning LNK4099: "physx3extensions.pdb" PDB не найден с "PhysX3Extensions.lib(ExtD6JointSolverPrep.obj)" или на "C:\Users\123\Documents\Visual Studio 2010\Projects\RedKidProject\RedDogGame\physx3extensions.pdb"; компоновка объекта выполняется как при отсутствии отладочных данных
     1>PhysX3Extensions.lib(ExtDefaultCpuDispatcher.obj) : warning LNK4099: "physx3extensions.pdb" PDB не найден с "PhysX3Extensions.lib(ExtDefaultCpuDispatcher.obj)" или на "C:\Users\123\Documents\Visual Studio 2010\Projects\RedKidProject\RedDogGame\physx3extensions.pdb"; компоновка объекта выполняется как при отсутствии отладочных данных
     1>PhysX3Extensions.lib(ExtDefaultSimulationFilterShader.obj) : warning LNK4099: "physx3extensions.pdb" PDB не найден с "PhysX3Extensions.lib(ExtDefaultSimulationFilterShader.obj)" или на "C:\Users\123\Documents\Visual Studio 2010\Projects\RedKidProject\RedDogGame\physx3extensions.pdb"; компоновка объекта выполняется как при отсутствии отладочных данных
     1>PhysX3Extensions.lib(ExtDistanceJoint.obj) : warning LNK4099: "physx3extensions.pdb" PDB не найден с "PhysX3Extensions.lib(ExtDistanceJoint.obj)" или на "C:\Users\123\Documents\Visual Studio 2010\Projects\RedKidProject\RedDogGame\physx3extensions.pdb"; компоновка объекта выполняется как при отсутствии отладочных данных
     1>PhysX3Extensions.lib(ExtDistanceJointSolverPrep.obj) : warning LNK4099: "physx3extensions.pdb" PDB не найден с "PhysX3Extensions.lib(ExtDistanceJointSolverPrep.obj)" или на "C:\Users\123\Documents\Visual Studio 2010\Projects\RedKidProject\RedDogGame\physx3extensions.pdb"; компоновка объекта выполняется как при отсутствии отладочных данных
     1>PhysX3Extensions.lib(ExtExtensions.obj) : warning LNK4099: "physx3extensions.pdb" PDB не найден с "PhysX3Extensions.lib(ExtExtensions.obj)" или на "C:\Users\123\Documents\Visual Studio 2010\Projects\RedKidProject\RedDogGame\physx3extensions.pdb"; компоновка объекта выполняется как при отсутствии отладочных данных
     1>PhysX3Extensions.lib(ExtFixedJoint.obj) : warning LNK4099: "physx3extensions.pdb" PDB не найден с "PhysX3Extensions.lib(ExtFixedJoint.obj)" или на "C:\Users\123\Documents\Visual Studio 2010\Projects\RedKidProject\RedDogGame\physx3extensions.pdb"; компоновка объекта выполняется как при отсутствии отладочных данных
     1>PhysX3Extensions.lib(ExtFixedJointSolverPrep.obj) : warning LNK4099: "physx3extensions.pdb" PDB не найден с "PhysX3Extensions.lib(ExtFixedJointSolverPrep.obj)" или на "C:\Users\123\Documents\Visual Studio 2010\Projects\RedKidProject\RedDogGame\physx3extensions.pdb"; компоновка объекта выполняется как при отсутствии отладочных данных
     1>PhysX3Extensions.lib(ExtJoint.obj) : warning LNK4099: "physx3extensions.pdb" PDB не найден с "PhysX3Extensions.lib(ExtJoint.obj)" или на "C:\Users\123\Documents\Visual Studio 2010\Projects\RedKidProject\RedDogGame\physx3extensions.pdb"; компоновка объекта выполняется как при отсутствии отладочных данных
     1>PhysX3Extensions.lib(ExtMetaData.obj) : warning LNK4099: "physx3extensions.pdb" PDB не найден с "PhysX3Extensions.lib(ExtMetaData.obj)" или на "C:\Users\123\Documents\Visual Studio 2010\Projects\RedKidProject\RedDogGame\physx3extensions.pdb"; компоновка объекта выполняется как при отсутствии отладочных данных
     1>PhysX3Extensions.lib(ExtPrismaticJoint.obj) : warning LNK4099: "physx3extensions.pdb" PDB не найден с "PhysX3Extensions.lib(ExtPrismaticJoint.obj)" или на "C:\Users\123\Documents\Visual Studio 2010\Projects\RedKidProject\RedDogGame\physx3extensions.pdb"; компоновка объекта выполняется как при отсутствии отладочных данных
     1>PhysX3Extensions.lib(ExtPrismaticJointSolverPrep.obj) : warning LNK4099: "physx3extensions.pdb" PDB не найден с "PhysX3Extensions.lib(ExtPrismaticJointSolverPrep.obj)" или на "C:\Users\123\Documents\Visual Studio 2010\Projects\RedKidProject\RedDogGame\physx3extensions.pdb"; компоновка объекта выполняется как при отсутствии отладочных данных
     1>PhysX3Extensions.lib(ExtRevoluteJoint.obj) : warning LNK4099: "physx3extensions.pdb" PDB не найден с "PhysX3Extensions.lib(ExtRevoluteJoint.obj)" или на "C:\Users\123\Documents\Visual Studio 2010\Projects\RedKidProject\RedDogGame\physx3extensions.pdb"; компоновка объекта выполняется как при отсутствии отладочных данных
     1>PhysX3Extensions.lib(ExtRevoluteJointSolverPrep.obj) : warning LNK4099: "physx3extensions.pdb" PDB не найден с "PhysX3Extensions.lib(ExtRevoluteJointSolverPrep.obj)" или на "C:\Users\123\Documents\Visual Studio 2010\Projects\RedKidProject\RedDogGame\physx3extensions.pdb"; компоновка объекта выполняется как при отсутствии отладочных данных
     1>PhysX3Extensions.lib(ExtSphericalJoint.obj) : warning LNK4099: "physx3extensions.pdb" PDB не найден с "PhysX3Extensions.lib(ExtSphericalJoint.obj)" или на "C:\Users\123\Documents\Visual Studio 2010\Projects\RedKidProject\RedDogGame\physx3extensions.pdb"; компоновка объекта выполняется как при отсутствии отладочных данных
     1>PhysX3Extensions.lib(ExtSphericalJointSolverPrep.obj) : warning LNK4099: "physx3extensions.pdb" PDB не найден с "PhysX3Extensions.lib(ExtSphericalJointSolverPrep.obj)" или на "C:\Users\123\Documents\Visual Studio 2010\Projects\RedKidProject\RedDogGame\physx3extensions.pdb"; компоновка объекта выполняется как при отсутствии отладочных данных
     1>PhysX3Extensions.lib(ExtVisualDebugger.obj) : warning LNK4099: "physx3extensions.pdb" PDB не найден с "PhysX3Extensions.lib(ExtVisualDebugger.obj)" или на "C:\Users\123\Documents\Visual Studio 2010\Projects\RedKidProject\RedDogGame\physx3extensions.pdb"; компоновка объекта выполняется как при отсутствии отладочных данных
     1>PhysX3Extensions.lib(PxExtensionAutoGeneratedMetaDataObjects.obj) : warning LNK4099: "physx3extensions.pdb" PDB не найден с "PhysX3Extensions.lib(PxExtensionAutoGeneratedMetaDataObjects.obj)" или на "C:\Users\123\Documents\Visual Studio 2010\Projects\RedKidProject\RedDogGame\physx3extensions.pdb"; компоновка объекта выполняется как при отсутствии отладочных данных
     1>GeomUtils.lib(CmVisualization.obj) : warning LNK4099: "physx3common.pdb" PDB не найден с "GeomUtils.lib(CmVisualization.obj)" или на "C:\Users\123\Documents\Visual Studio 2010\Projects\RedKidProject\RedDogGame\physx3common.pdb"; компоновка объекта выполняется как при отсутствии отладочных данных
     1>GeomUtils.lib(CmStringTable.obj) : warning LNK4099: "physx3common.pdb" PDB не найден с "GeomUtils.lib(CmStringTable.obj)" или на "C:\Users\123\Documents\Visual Studio 2010\Projects\RedKidProject\RedDogGame\physx3common.pdb"; компоновка объекта выполняется как при отсутствии отладочных данных
     1>GeomUtils.lib(CmRenderOutput.obj) : warning LNK4099: "physx3common.pdb" PDB не найден с "GeomUtils.lib(CmRenderOutput.obj)" или на "C:\Users\123\Documents\Visual Studio 2010\Projects\RedKidProject\RedDogGame\physx3common.pdb"; компоновка объекта выполняется как при отсутствии отладочных данных
     1>FoundationCHECKED.lib(PsWindowsMutex.obj) : warning LNK4099: "foundationchecked.pdb" PDB не найден с "FoundationCHECKED.lib(PsWindowsMutex.obj)" или на "C:\Users\123\Documents\Visual Studio 2010\Projects\RedKidProject\RedDogGame\foundationchecked.pdb"; компоновка объекта выполняется как при отсутствии отладочных данных
     1>FoundationCHECKED.lib(PsWindowsPAEventSrc.obj) : warning LNK4099: "foundationchecked.pdb" PDB не найден с "FoundationCHECKED.lib(PsWindowsPAEventSrc.obj)" или на "C:\Users\123\Documents\Visual Studio 2010\Projects\RedKidProject\RedDogGame\foundationchecked.pdb"; компоновка объекта выполняется как при отсутствии отладочных данных
     1>FoundationCHECKED.lib(PsWindowsSList.obj) : warning LNK4099: "foundationchecked.pdb" PDB не найден с "FoundationCHECKED.lib(PsWindowsSList.obj)" или на "C:\Users\123\Documents\Visual Studio 2010\Projects\RedKidProject\RedDogGame\foundationchecked.pdb"; компоновка объекта выполняется как при отсутствии отладочных данных
     1>FoundationCHECKED.lib(PsWindowsSync.obj) : warning LNK4099: "foundationchecked.pdb" PDB не найден с "FoundationCHECKED.lib(PsWindowsSync.obj)" или на "C:\Users\123\Documents\Visual Studio 2010\Projects\RedKidProject\RedDogGame\foundationchecked.pdb"; компоновка объекта выполняется как при отсутствии отладочных данных
     1>FoundationCHECKED.lib(PsWindowsThread.obj) : warning LNK4099: "foundationchecked.pdb" PDB не найден с "FoundationCHECKED.lib(PsWindowsThread.obj)" или на "C:\Users\123\Documents\Visual Studio 2010\Projects\RedKidProject\RedDogGame\foundationchecked.pdb"; компоновка объекта выполняется как при отсутствии отладочных данных
     1>FoundationCHECKED.lib(PsAllocator.obj) : warning LNK4099: "foundationchecked.pdb" PDB не найден с "FoundationCHECKED.lib(PsAllocator.obj)" или на "C:\Users\123\Documents\Visual Studio 2010\Projects\RedKidProject\RedDogGame\foundationchecked.pdb"; компоновка объекта выполняется как при отсутствии отладочных данных
     1>FoundationCHECKED.lib(PsFoundation.obj) : warning LNK4099: "foundationchecked.pdb" PDB не найден с "FoundationCHECKED.lib(PsFoundation.obj)" или на "C:\Users\123\Documents\Visual Studio 2010\Projects\RedKidProject\RedDogGame\foundationchecked.pdb"; компоновка объекта выполняется как при отсутствии отладочных данных
     1>PxTaskCHECKED.lib(CudaWrapper.obj) : warning LNK4099: "pxtaskchecked.pdb" PDB не найден с "PxTaskCHECKED.lib(CudaWrapper.obj)" или на "C:\Users\123\Documents\Visual Studio 2010\Projects\RedKidProject\RedDogGame\pxtaskchecked.pdb"; компоновка объекта выполняется как при отсутствии отладочных данных
         RedDogGame.vcxproj -> C:\Users\123\Documents\Visual Studio 2010\Projects\RedKidProject\RedDogGame\\RedKid game.exe
       Manifest:
         C:\Program Files (x86)\Microsoft SDKs\Windows\v7.0A\bin\mt.exe /nologo /verbose /outputresource:"C:\Users\123\Documents\Visual Studio 2010\Projects\RedKidProject\RedDogGame\\RedKid game.exe;#1" /manifest "Debug\RedKid game.exe.intermediate.manifest"
       FinalizeBuildStatus:
         Файл "Debug\RedKid game.unsuccessfulbuild" удаляется.
         Обращение к "Debug\RedKid game.lastbuildstate".
     1>Построение проекта "C:\Users\123\Documents\Visual Studio 2010\Projects\RedKidProject\RedDogGame\RedDogGame.vcxproj" завершено (целевые объекты build).

Построение успешно завершено.

Затраченное время: 00:00:03.31
