C:\Users\123\Documents\Visual Studio 2010\Projects\RedKidProject\RedDogGame\\RedKid game.exe
C:\Users\123\Documents\Visual Studio 2010\Projects\RedKidProject\RedDogGame\\RedKid game.pdb
C:\Users\123\Documents\Visual Studio 2010\Projects\RedKidProject\RedDogGame\Debug\CL.1484.read.1.tlog
C:\Users\123\Documents\Visual Studio 2010\Projects\RedKidProject\RedDogGame\Debug\CL.1484.write.1.tlog
C:\Users\123\Documents\Visual Studio 2010\Projects\RedKidProject\RedDogGame\Debug\CL.3580.read.1.tlog
C:\Users\123\Documents\Visual Studio 2010\Projects\RedKidProject\RedDogGame\Debug\CL.3580.write.1.tlog
C:\Users\123\Documents\Visual Studio 2010\Projects\RedKidProject\RedDogGame\Debug\CL.4580.read.1.tlog
C:\Users\123\Documents\Visual Studio 2010\Projects\RedKidProject\RedDogGame\Debug\CL.4580.write.1.tlog
C:\Users\123\Documents\Visual Studio 2010\Projects\RedKidProject\RedDogGame\Debug\CL.4932.read.1.tlog
C:\Users\123\Documents\Visual Studio 2010\Projects\RedKidProject\RedDogGame\Debug\CL.4932.write.1.tlog
C:\Users\123\Documents\Visual Studio 2010\Projects\RedKidProject\RedDogGame\Debug\CL.5736.read.1.tlog
C:\Users\123\Documents\Visual Studio 2010\Projects\RedKidProject\RedDogGame\Debug\CL.5736.write.1.tlog
C:\Users\123\Documents\Visual Studio 2010\Projects\RedKidProject\RedDogGame\Debug\CL.6152.read.1.tlog
C:\Users\123\Documents\Visual Studio 2010\Projects\RedKidProject\RedDogGame\Debug\CL.6152.write.1.tlog
C:\Users\123\Documents\Visual Studio 2010\Projects\RedKidProject\RedDogGame\Debug\CL.6720.read.1.tlog
C:\Users\123\Documents\Visual Studio 2010\Projects\RedKidProject\RedDogGame\Debug\CL.6720.write.1.tlog
C:\Users\123\Documents\Visual Studio 2010\Projects\RedKidProject\RedDogGame\Debug\CL.6740.read.1.tlog
C:\Users\123\Documents\Visual Studio 2010\Projects\RedKidProject\RedDogGame\Debug\CL.6740.write.1.tlog
C:\Users\123\Documents\Visual Studio 2010\Projects\RedKidProject\RedDogGame\Debug\CL.6816.read.1.tlog
C:\Users\123\Documents\Visual Studio 2010\Projects\RedKidProject\RedDogGame\Debug\CL.6816.write.1.tlog
C:\Users\123\Documents\Visual Studio 2010\Projects\RedKidProject\RedDogGame\Debug\cl.command.1.tlog
C:\Users\123\Documents\Visual Studio 2010\Projects\RedKidProject\RedDogGame\Debug\CL.read.1.tlog
C:\Users\123\Documents\Visual Studio 2010\Projects\RedKidProject\RedDogGame\Debug\CL.write.1.tlog
C:\Users\123\Documents\Visual Studio 2010\Projects\RedKidProject\RedDogGame\Debug\link.command.1.tlog
C:\Users\123\Documents\Visual Studio 2010\Projects\RedKidProject\RedDogGame\Debug\link.read.1.tlog
C:\Users\123\Documents\Visual Studio 2010\Projects\RedKidProject\RedDogGame\Debug\link.write.1.tlog
C:\Users\123\Documents\Visual Studio 2010\Projects\RedKidProject\RedDogGame\Debug\link-cvtres.read.1.tlog
C:\Users\123\Documents\Visual Studio 2010\Projects\RedKidProject\RedDogGame\Debug\link-cvtres.write.1.tlog
C:\Users\123\Documents\Visual Studio 2010\Projects\RedKidProject\RedDogGame\Debug\mt.command.1.tlog
C:\Users\123\Documents\Visual Studio 2010\Projects\RedKidProject\RedDogGame\Debug\mt.read.1.tlog
C:\Users\123\Documents\Visual Studio 2010\Projects\RedKidProject\RedDogGame\Debug\mt.write.1.tlog
C:\USERS\123\DOCUMENTS\VISUAL STUDIO 2010\PROJECTS\REDKIDPROJECT\REDDOGGAME\DEBUG\PHYSXDEFAULTALLOCATOR.OBJ
C:\USERS\123\DOCUMENTS\VISUAL STUDIO 2010\PROJECTS\REDKIDPROJECT\REDDOGGAME\DEBUG\PHYSXERRORCALLBACK.OBJ
C:\Users\123\Documents\Visual Studio 2010\Projects\RedKidProject\RedDogGame\Debug\rc.command.1.tlog
C:\Users\123\Documents\Visual Studio 2010\Projects\RedKidProject\RedDogGame\Debug\rc.read.1.tlog
C:\Users\123\Documents\Visual Studio 2010\Projects\RedKidProject\RedDogGame\Debug\rc.write.1.tlog
C:\USERS\123\DOCUMENTS\VISUAL STUDIO 2010\PROJECTS\REDKIDPROJECT\REDDOGGAME\DEBUG\REDDOGGAME.OBJ
C:\USERS\123\DOCUMENTS\VISUAL STUDIO 2010\PROJECTS\REDKIDPROJECT\REDDOGGAME\DEBUG\REDDOGGAME.RES
C:\USERS\123\DOCUMENTS\VISUAL STUDIO 2010\PROJECTS\REDKIDPROJECT\REDDOGGAME\DEBUG\REDKID GAME.EXE.INTERMEDIATE.MANIFEST
C:\USERS\123\DOCUMENTS\VISUAL STUDIO 2010\PROJECTS\REDKIDPROJECT\REDDOGGAME\DEBUG\REDKID GAME.PCH
C:\Users\123\Documents\Visual Studio 2010\Projects\RedKidProject\RedDogGame\Debug\RedKid game.write.1.tlog
C:\USERS\123\DOCUMENTS\VISUAL STUDIO 2010\PROJECTS\REDKIDPROJECT\REDDOGGAME\DEBUG\STDAFX.OBJ
C:\Users\123\Documents\Visual Studio 2010\Projects\RedKidProject\RedDogGame\Debug\vc100.idb
C:\USERS\123\DOCUMENTS\VISUAL STUDIO 2010\PROJECTS\REDKIDPROJECT\REDDOGGAME\DEBUG\VC100.PDB
C:\USERS\123\DOCUMENTS\VISUAL STUDIO 2010\PROJECTS\REDKIDPROJECT\REDDOGGAME\REDKID GAME.EXE
C:\Users\123\Documents\Visual Studio 2010\Projects\RedKidProject\RedDogGame\RedKid game.exp
C:\Users\123\Documents\Visual Studio 2010\Projects\RedKidProject\RedDogGame\RedKid game.lib
C:\USERS\123\DOCUMENTS\VISUAL STUDIO 2010\PROJECTS\REDKIDPROJECT\REDDOGGAME\REDKID GAME.PDB
