C:\Users\123\Documents\Visual Studio 2010\Projects\RedKid3D\RedKid3D Editor\Release\RedKid3D Engine.lib
C:\Users\123\Documents\Visual Studio 2010\Projects\RedKid3D\RedKid3D Engine\RedKid Engine\Release\AABB.obj
C:\Users\123\Documents\Visual Studio 2010\Projects\RedKid3D\RedKid3D Engine\RedKid Engine\Release\AnimationFrame.obj
C:\Users\123\Documents\Visual Studio 2010\Projects\RedKid3D\RedKid3D Engine\RedKid Engine\Release\Bone.obj
C:\Users\123\Documents\Visual Studio 2010\Projects\RedKid3D\RedKid3D Engine\RedKid Engine\Release\BufferConstant.obj
C:\Users\123\Documents\Visual Studio 2010\Projects\RedKid3D\RedKid3D Engine\RedKid Engine\Release\BufferRead.obj
C:\Users\123\Documents\Visual Studio 2010\Projects\RedKid3D\RedKid3D Engine\RedKid Engine\Release\BufferSRV.obj
C:\Users\123\Documents\Visual Studio 2010\Projects\RedKid3D\RedKid3D Engine\RedKid Engine\Release\BufferSRV_UAV.obj
C:\Users\123\Documents\Visual Studio 2010\Projects\RedKid3D\RedKid3D Engine\RedKid Engine\Release\BufferUAV.obj
C:\Users\123\Documents\Visual Studio 2010\Projects\RedKid3D\RedKid3D Engine\RedKid Engine\Release\Camera.obj
C:\Users\123\Documents\Visual Studio 2010\Projects\RedKid3D\RedKid3D Engine\RedKid Engine\Release\DXInput.obj
C:\Users\123\Documents\Visual Studio 2010\Projects\RedKid3D\RedKid3D Engine\RedKid Engine\Release\FrustumBox.obj
C:\Users\123\Documents\Visual Studio 2010\Projects\RedKid3D\RedKid3D Engine\RedKid Engine\Release\GameInterface.obj
C:\Users\123\Documents\Visual Studio 2010\Projects\RedKid3D\RedKid3D Engine\RedKid Engine\Release\LofFile.obj
C:\Users\123\Documents\Visual Studio 2010\Projects\RedKid3D\RedKid3D Engine\RedKid Engine\Release\ManagerResource.obj
C:\Users\123\Documents\Visual Studio 2010\Projects\RedKid3D\RedKid3D Engine\RedKid Engine\Release\ObjectBase.obj
C:\Users\123\Documents\Visual Studio 2010\Projects\RedKid3D\RedKid3D Engine\RedKid Engine\Release\ObjectLightDirection.obj
C:\Users\123\Documents\Visual Studio 2010\Projects\RedKid3D\RedKid3D Engine\RedKid Engine\Release\ObjectLightPoint.obj
C:\Users\123\Documents\Visual Studio 2010\Projects\RedKid3D\RedKid3D Engine\RedKid Engine\Release\ObjectMesh.obj
C:\Users\123\Documents\Visual Studio 2010\Projects\RedKid3D\RedKid3D Engine\RedKid Engine\Release\ObjectPhysX.obj
C:\Users\123\Documents\Visual Studio 2010\Projects\RedKid3D\RedKid3D Engine\RedKid Engine\Release\ObjectPhysXConvexDinamicMesh.obj
C:\Users\123\Documents\Visual Studio 2010\Projects\RedKid3D\RedKid3D Engine\RedKid Engine\Release\ObjectPhysXSceletMesh.obj
C:\Users\123\Documents\Visual Studio 2010\Projects\RedKid3D\RedKid3D Engine\RedKid Engine\Release\ObjectPhysXTriangleStaticMesh.obj
C:\Users\123\Documents\Visual Studio 2010\Projects\RedKid3D\RedKid3D Engine\RedKid Engine\Release\ObjectPivot.obj
C:\Users\123\Documents\Visual Studio 2010\Projects\RedKid3D\RedKid3D Engine\RedKid Engine\Release\Plane.obj
C:\Users\123\Documents\Visual Studio 2010\Projects\RedKid3D\RedKid3D Engine\RedKid Engine\Release\PxTkStream.obj
C:\Users\123\Documents\Visual Studio 2010\Projects\RedKid3D\RedKid3D Engine\RedKid Engine\Release\RedKid Engine.res
C:\Users\123\Documents\Visual Studio 2010\Projects\RedKid3D\RedKid3D Engine\RedKid Engine\Release\RedKid.obj
C:\Users\123\Documents\Visual Studio 2010\Projects\RedKid3D\RedKid3D Engine\RedKid Engine\Release\RenderPool.obj
C:\Users\123\Documents\Visual Studio 2010\Projects\RedKid3D\RedKid3D Engine\RedKid Engine\Release\ResBase.obj
C:\Users\123\Documents\Visual Studio 2010\Projects\RedKid3D\RedKid3D Engine\RedKid Engine\Release\ResMat.obj
C:\Users\123\Documents\Visual Studio 2010\Projects\RedKid3D\RedKid3D Engine\RedKid Engine\Release\ResMatTexture.obj
C:\Users\123\Documents\Visual Studio 2010\Projects\RedKid3D\RedKid3D Engine\RedKid Engine\Release\ResMesh.obj
C:\Users\123\Documents\Visual Studio 2010\Projects\RedKid3D\RedKid3D Engine\RedKid Engine\Release\ResourceAnimationScelet.obj
C:\Users\123\Documents\Visual Studio 2010\Projects\RedKid3D\RedKid3D Engine\RedKid Engine\Release\ResourceSceletMesh.obj
C:\Users\123\Documents\Visual Studio 2010\Projects\RedKid3D\RedKid3D Engine\RedKid Engine\Release\ResourceSound.obj
C:\Users\123\Documents\Visual Studio 2010\Projects\RedKid3D\RedKid3D Engine\RedKid Engine\Release\ResourceTexture.obj
C:\Users\123\Documents\Visual Studio 2010\Projects\RedKid3D\RedKid3D Engine\RedKid Engine\Release\ResPhysXDinamicConvexMesh.obj
C:\Users\123\Documents\Visual Studio 2010\Projects\RedKid3D\RedKid3D Engine\RedKid Engine\Release\ResPhysXSceletMesh.obj
C:\Users\123\Documents\Visual Studio 2010\Projects\RedKid3D\RedKid3D Engine\RedKid Engine\Release\ResPhysXStaticTriangleMesh.obj
C:\Users\123\Documents\Visual Studio 2010\Projects\RedKid3D\RedKid3D Engine\RedKid Engine\Release\ResSound.obj
C:\Users\123\Documents\Visual Studio 2010\Projects\RedKid3D\RedKid3D Engine\RedKid Engine\Release\Scelet.obj
C:\Users\123\Documents\Visual Studio 2010\Projects\RedKid3D\RedKid3D Engine\RedKid Engine\Release\SignMesh.obj
C:\Users\123\Documents\Visual Studio 2010\Projects\RedKid3D\RedKid3D Engine\RedKid Engine\Release\System.obj
C:\Users\123\Documents\Visual Studio 2010\Projects\RedKid3D\RedKid3D Engine\RedKid Engine\Release\TextureRT_SRV_UAV.obj
C:\Users\123\Documents\Visual Studio 2010\Projects\RedKid3D\RedKid3D Engine\RedKid Engine\Release\TextureRTAndSRV.obj
C:\Users\123\Documents\Visual Studio 2010\Projects\RedKid3D\RedKid3D Engine\RedKid Engine\Release\TextureSRV_UAV.obj
C:\Users\123\Documents\Visual Studio 2010\Projects\RedKid3D\RedKid3D Engine\RedKid Engine\Release\Thread.obj
C:\Users\123\Documents\Visual Studio 2010\Projects\RedKid3D\RedKid3D Engine\RedKid Engine\Release\vc100.pdb
