C:\USERS\123\DOCUMENTS\VISUAL STUDIO 2010\PROJECTS\REDKIDPROJECT\REDKID ENGINE\REDKID ENGINE\RELEASE\AABB.OBJ
C:\USERS\123\DOCUMENTS\VISUAL STUDIO 2010\PROJECTS\REDKIDPROJECT\REDKID ENGINE\REDKID ENGINE\RELEASE\ANIMATIONFRAME.OBJ
C:\USERS\123\DOCUMENTS\VISUAL STUDIO 2010\PROJECTS\REDKIDPROJECT\REDKID ENGINE\REDKID ENGINE\RELEASE\BONE.OBJ
C:\USERS\123\DOCUMENTS\VISUAL STUDIO 2010\PROJECTS\REDKIDPROJECT\REDKID ENGINE\REDKID ENGINE\RELEASE\BUFFERCONSTANT.OBJ
C:\USERS\123\DOCUMENTS\VISUAL STUDIO 2010\PROJECTS\REDKIDPROJECT\REDKID ENGINE\REDKID ENGINE\RELEASE\BUFFERREAD.OBJ
C:\USERS\123\DOCUMENTS\VISUAL STUDIO 2010\PROJECTS\REDKIDPROJECT\REDKID ENGINE\REDKID ENGINE\RELEASE\BUFFERSRV.OBJ
C:\USERS\123\DOCUMENTS\VISUAL STUDIO 2010\PROJECTS\REDKIDPROJECT\REDKID ENGINE\REDKID ENGINE\RELEASE\BUFFERSRV_UAV.OBJ
C:\USERS\123\DOCUMENTS\VISUAL STUDIO 2010\PROJECTS\REDKIDPROJECT\REDKID ENGINE\REDKID ENGINE\RELEASE\BUFFERUAV.OBJ
C:\USERS\123\DOCUMENTS\VISUAL STUDIO 2010\PROJECTS\REDKIDPROJECT\REDKID ENGINE\REDKID ENGINE\RELEASE\CAMERA.OBJ
C:\Users\123\Documents\Visual Studio 2010\Projects\RedKidProject\RedKid Engine\RedKid Engine\Release\cl.command.1.tlog
C:\Users\123\Documents\Visual Studio 2010\Projects\RedKidProject\RedKid Engine\RedKid Engine\Release\CL.read.1.tlog
C:\Users\123\Documents\Visual Studio 2010\Projects\RedKidProject\RedKid Engine\RedKid Engine\Release\CL.write.1.tlog
C:\USERS\123\DOCUMENTS\VISUAL STUDIO 2010\PROJECTS\REDKIDPROJECT\REDKID ENGINE\REDKID ENGINE\RELEASE\DXINPUT.OBJ
C:\USERS\123\DOCUMENTS\VISUAL STUDIO 2010\PROJECTS\REDKIDPROJECT\REDKID ENGINE\REDKID ENGINE\RELEASE\FRUSTUMBOX.OBJ
C:\USERS\123\DOCUMENTS\VISUAL STUDIO 2010\PROJECTS\REDKIDPROJECT\REDKID ENGINE\REDKID ENGINE\RELEASE\GAMEINTERFACE.OBJ
C:\Users\123\Documents\Visual Studio 2010\Projects\RedKidProject\RedKid Engine\RedKid Engine\Release\lib.command.1.tlog
C:\Users\123\Documents\Visual Studio 2010\Projects\RedKidProject\RedKid Engine\RedKid Engine\Release\Lib-link.read.1.tlog
C:\Users\123\Documents\Visual Studio 2010\Projects\RedKidProject\RedKid Engine\RedKid Engine\Release\Lib-link.write.1.tlog
C:\Users\123\Documents\Visual Studio 2010\Projects\RedKidProject\RedKid Engine\RedKid Engine\Release\Lib-link-cvtres.read.1.tlog
C:\Users\123\Documents\Visual Studio 2010\Projects\RedKidProject\RedKid Engine\RedKid Engine\Release\Lib-link-cvtres.write.1.tlog
C:\USERS\123\DOCUMENTS\VISUAL STUDIO 2010\PROJECTS\REDKIDPROJECT\REDKID ENGINE\REDKID ENGINE\RELEASE\LOFFILE.OBJ
C:\USERS\123\DOCUMENTS\VISUAL STUDIO 2010\PROJECTS\REDKIDPROJECT\REDKID ENGINE\REDKID ENGINE\RELEASE\MANAGERRESOURCE.OBJ
C:\USERS\123\DOCUMENTS\VISUAL STUDIO 2010\PROJECTS\REDKIDPROJECT\REDKID ENGINE\REDKID ENGINE\RELEASE\OBJECTBASE.OBJ
C:\USERS\123\DOCUMENTS\VISUAL STUDIO 2010\PROJECTS\REDKIDPROJECT\REDKID ENGINE\REDKID ENGINE\RELEASE\OBJECTLIGHTDIRECTION.OBJ
C:\USERS\123\DOCUMENTS\VISUAL STUDIO 2010\PROJECTS\REDKIDPROJECT\REDKID ENGINE\REDKID ENGINE\RELEASE\OBJECTLIGHTPOINT.OBJ
C:\USERS\123\DOCUMENTS\VISUAL STUDIO 2010\PROJECTS\REDKIDPROJECT\REDKID ENGINE\REDKID ENGINE\RELEASE\OBJECTMESH.OBJ
C:\USERS\123\DOCUMENTS\VISUAL STUDIO 2010\PROJECTS\REDKIDPROJECT\REDKID ENGINE\REDKID ENGINE\RELEASE\OBJECTPHYSX.OBJ
C:\USERS\123\DOCUMENTS\VISUAL STUDIO 2010\PROJECTS\REDKIDPROJECT\REDKID ENGINE\REDKID ENGINE\RELEASE\OBJECTPHYSXCONVEXDINAMICMESH.OBJ
C:\USERS\123\DOCUMENTS\VISUAL STUDIO 2010\PROJECTS\REDKIDPROJECT\REDKID ENGINE\REDKID ENGINE\RELEASE\OBJECTPHYSXSCELETMESH.OBJ
C:\USERS\123\DOCUMENTS\VISUAL STUDIO 2010\PROJECTS\REDKIDPROJECT\REDKID ENGINE\REDKID ENGINE\RELEASE\OBJECTPHYSXTRIANGLESTATICMESH.OBJ
C:\USERS\123\DOCUMENTS\VISUAL STUDIO 2010\PROJECTS\REDKIDPROJECT\REDKID ENGINE\REDKID ENGINE\RELEASE\OBJECTPIVOT.OBJ
C:\USERS\123\DOCUMENTS\VISUAL STUDIO 2010\PROJECTS\REDKIDPROJECT\REDKID ENGINE\REDKID ENGINE\RELEASE\PLANE.OBJ
C:\USERS\123\DOCUMENTS\VISUAL STUDIO 2010\PROJECTS\REDKIDPROJECT\REDKID ENGINE\REDKID ENGINE\RELEASE\PXTKSTREAM.OBJ
C:\Users\123\Documents\Visual Studio 2010\Projects\RedKidProject\RedKid Engine\RedKid Engine\Release\rc.command.1.tlog
C:\Users\123\Documents\Visual Studio 2010\Projects\RedKidProject\RedKid Engine\RedKid Engine\Release\rc.read.1.tlog
C:\Users\123\Documents\Visual Studio 2010\Projects\RedKidProject\RedKid Engine\RedKid Engine\Release\rc.write.1.tlog
C:\USERS\123\DOCUMENTS\VISUAL STUDIO 2010\PROJECTS\REDKIDPROJECT\REDKID ENGINE\REDKID ENGINE\RELEASE\REDKID ENGINE.RES
C:\USERS\123\DOCUMENTS\VISUAL STUDIO 2010\PROJECTS\REDKIDPROJECT\REDKID ENGINE\REDKID ENGINE\RELEASE\REDKID.OBJ
C:\USERS\123\DOCUMENTS\VISUAL STUDIO 2010\PROJECTS\REDKIDPROJECT\REDKID ENGINE\REDKID ENGINE\RELEASE\RENDERPOOL.OBJ
C:\USERS\123\DOCUMENTS\VISUAL STUDIO 2010\PROJECTS\REDKIDPROJECT\REDKID ENGINE\REDKID ENGINE\RELEASE\RESBASE.OBJ
C:\USERS\123\DOCUMENTS\VISUAL STUDIO 2010\PROJECTS\REDKIDPROJECT\REDKID ENGINE\REDKID ENGINE\RELEASE\RESMAT.OBJ
C:\USERS\123\DOCUMENTS\VISUAL STUDIO 2010\PROJECTS\REDKIDPROJECT\REDKID ENGINE\REDKID ENGINE\RELEASE\RESMATTEXTURE.OBJ
C:\USERS\123\DOCUMENTS\VISUAL STUDIO 2010\PROJECTS\REDKIDPROJECT\REDKID ENGINE\REDKID ENGINE\RELEASE\RESMESH.OBJ
C:\USERS\123\DOCUMENTS\VISUAL STUDIO 2010\PROJECTS\REDKIDPROJECT\REDKID ENGINE\REDKID ENGINE\RELEASE\RESOURCEANIMATIONSCELET.OBJ
C:\USERS\123\DOCUMENTS\VISUAL STUDIO 2010\PROJECTS\REDKIDPROJECT\REDKID ENGINE\REDKID ENGINE\RELEASE\RESOURCESCELETMESH.OBJ
C:\USERS\123\DOCUMENTS\VISUAL STUDIO 2010\PROJECTS\REDKIDPROJECT\REDKID ENGINE\REDKID ENGINE\RELEASE\RESOURCESOUND.OBJ
C:\USERS\123\DOCUMENTS\VISUAL STUDIO 2010\PROJECTS\REDKIDPROJECT\REDKID ENGINE\REDKID ENGINE\RELEASE\RESOURCETEXTURE.OBJ
C:\USERS\123\DOCUMENTS\VISUAL STUDIO 2010\PROJECTS\REDKIDPROJECT\REDKID ENGINE\REDKID ENGINE\RELEASE\RESPHYSXDINAMICCONVEXMESH.OBJ
C:\USERS\123\DOCUMENTS\VISUAL STUDIO 2010\PROJECTS\REDKIDPROJECT\REDKID ENGINE\REDKID ENGINE\RELEASE\RESPHYSXSCELETMESH.OBJ
C:\USERS\123\DOCUMENTS\VISUAL STUDIO 2010\PROJECTS\REDKIDPROJECT\REDKID ENGINE\REDKID ENGINE\RELEASE\RESPHYSXSTATICTRIANGLEMESH.OBJ
C:\USERS\123\DOCUMENTS\VISUAL STUDIO 2010\PROJECTS\REDKIDPROJECT\REDKID ENGINE\REDKID ENGINE\RELEASE\RESSOUND.OBJ
C:\USERS\123\DOCUMENTS\VISUAL STUDIO 2010\PROJECTS\REDKIDPROJECT\REDKID ENGINE\REDKID ENGINE\RELEASE\SCELET.OBJ
C:\USERS\123\DOCUMENTS\VISUAL STUDIO 2010\PROJECTS\REDKIDPROJECT\REDKID ENGINE\REDKID ENGINE\RELEASE\SIGNMESH.OBJ
C:\USERS\123\DOCUMENTS\VISUAL STUDIO 2010\PROJECTS\REDKIDPROJECT\REDKID ENGINE\REDKID ENGINE\RELEASE\SYSTEM.OBJ
C:\USERS\123\DOCUMENTS\VISUAL STUDIO 2010\PROJECTS\REDKIDPROJECT\REDKID ENGINE\REDKID ENGINE\RELEASE\TEXTURERT_SRV_UAV.OBJ
C:\USERS\123\DOCUMENTS\VISUAL STUDIO 2010\PROJECTS\REDKIDPROJECT\REDKID ENGINE\REDKID ENGINE\RELEASE\TEXTURERTANDSRV.OBJ
C:\USERS\123\DOCUMENTS\VISUAL STUDIO 2010\PROJECTS\REDKIDPROJECT\REDKID ENGINE\REDKID ENGINE\RELEASE\TEXTURESRV_UAV.OBJ
C:\USERS\123\DOCUMENTS\VISUAL STUDIO 2010\PROJECTS\REDKIDPROJECT\REDKID ENGINE\REDKID ENGINE\RELEASE\THREAD.OBJ
C:\USERS\123\DOCUMENTS\VISUAL STUDIO 2010\PROJECTS\REDKIDPROJECT\REDKID ENGINE\REDKID ENGINE\RELEASE\VC100.PDB
C:\USERS\123\DOCUMENTS\VISUAL STUDIO 2010\PROJECTS\REDKIDPROJECT\REDKID ENGINE\RELEASE\REDKID ENGINE.LIB
