C:\Users\123\Documents\Visual Studio 2010\Projects\RedKid3D\RedKid3D Game\\RedKid3D Game.exe
C:\Users\123\Documents\Visual Studio 2010\Projects\RedKid3D\RedKid3D Game\\RedKid3D Game.pdb
C:\Users\123\Documents\Visual Studio 2010\Projects\RedKid3D\RedKid3D Game\Debug\CL.10464.read.1.tlog
C:\Users\123\Documents\Visual Studio 2010\Projects\RedKid3D\RedKid3D Game\Debug\CL.10464.write.1.tlog
C:\Users\123\Documents\Visual Studio 2010\Projects\RedKid3D\RedKid3D Game\Debug\CL.4388.read.1.tlog
C:\Users\123\Documents\Visual Studio 2010\Projects\RedKid3D\RedKid3D Game\Debug\CL.4388.write.1.tlog
C:\Users\123\Documents\Visual Studio 2010\Projects\RedKid3D\RedKid3D Game\Debug\CL.4812.read.1.tlog
C:\Users\123\Documents\Visual Studio 2010\Projects\RedKid3D\RedKid3D Game\Debug\CL.4812.write.1.tlog
C:\Users\123\Documents\Visual Studio 2010\Projects\RedKid3D\RedKid3D Game\Debug\CL.7244.read.1.tlog
C:\Users\123\Documents\Visual Studio 2010\Projects\RedKid3D\RedKid3D Game\Debug\CL.7244.write.1.tlog
C:\Users\123\Documents\Visual Studio 2010\Projects\RedKid3D\RedKid3D Game\Debug\CL.8308.read.1.tlog
C:\Users\123\Documents\Visual Studio 2010\Projects\RedKid3D\RedKid3D Game\Debug\CL.8308.write.1.tlog
C:\Users\123\Documents\Visual Studio 2010\Projects\RedKid3D\RedKid3D Game\Debug\CL.9248.read.1.tlog
C:\Users\123\Documents\Visual Studio 2010\Projects\RedKid3D\RedKid3D Game\Debug\CL.9248.write.1.tlog
C:\Users\123\Documents\Visual Studio 2010\Projects\RedKid3D\RedKid3D Game\Debug\cl.command.1.tlog
C:\Users\123\Documents\Visual Studio 2010\Projects\RedKid3D\RedKid3D Game\Debug\CL.read.1.tlog
C:\Users\123\Documents\Visual Studio 2010\Projects\RedKid3D\RedKid3D Game\Debug\CL.write.1.tlog
C:\Users\123\Documents\Visual Studio 2010\Projects\RedKid3D\RedKid3D Game\Debug\link.command.1.tlog
C:\Users\123\Documents\Visual Studio 2010\Projects\RedKid3D\RedKid3D Game\Debug\link.read.1.tlog
C:\Users\123\Documents\Visual Studio 2010\Projects\RedKid3D\RedKid3D Game\Debug\link.write.1.tlog
C:\Users\123\Documents\Visual Studio 2010\Projects\RedKid3D\RedKid3D Game\Debug\link-cvtres.read.1.tlog
C:\Users\123\Documents\Visual Studio 2010\Projects\RedKid3D\RedKid3D Game\Debug\link-cvtres.write.1.tlog
C:\Users\123\Documents\Visual Studio 2010\Projects\RedKid3D\RedKid3D Game\Debug\mt.command.1.tlog
C:\Users\123\Documents\Visual Studio 2010\Projects\RedKid3D\RedKid3D Game\Debug\mt.read.1.tlog
C:\Users\123\Documents\Visual Studio 2010\Projects\RedKid3D\RedKid3D Game\Debug\mt.write.1.tlog
C:\USERS\123\DOCUMENTS\VISUAL STUDIO 2010\PROJECTS\REDKID3D\REDKID3D GAME\DEBUG\PHYSXDEFAULTALLOCATOR.OBJ
C:\USERS\123\DOCUMENTS\VISUAL STUDIO 2010\PROJECTS\REDKID3D\REDKID3D GAME\DEBUG\PHYSXERRORCALLBACK.OBJ
C:\Users\123\Documents\Visual Studio 2010\Projects\RedKid3D\RedKid3D Game\Debug\rc.command.1.tlog
C:\Users\123\Documents\Visual Studio 2010\Projects\RedKid3D\RedKid3D Game\Debug\rc.read.1.tlog
C:\Users\123\Documents\Visual Studio 2010\Projects\RedKid3D\RedKid3D Game\Debug\rc.write.1.tlog
C:\USERS\123\DOCUMENTS\VISUAL STUDIO 2010\PROJECTS\REDKID3D\REDKID3D GAME\DEBUG\REDDOGGAME.OBJ
C:\USERS\123\DOCUMENTS\VISUAL STUDIO 2010\PROJECTS\REDKID3D\REDKID3D GAME\DEBUG\REDDOGGAME.RES
C:\USERS\123\DOCUMENTS\VISUAL STUDIO 2010\PROJECTS\REDKID3D\REDKID3D GAME\DEBUG\REDKID3D GAME.EXE.INTERMEDIATE.MANIFEST
C:\USERS\123\DOCUMENTS\VISUAL STUDIO 2010\PROJECTS\REDKID3D\REDKID3D GAME\DEBUG\REDKID3D GAME.PCH
C:\Users\123\Documents\Visual Studio 2010\Projects\RedKid3D\RedKid3D Game\Debug\RedKid3D Game.write.1.tlog
C:\USERS\123\DOCUMENTS\VISUAL STUDIO 2010\PROJECTS\REDKID3D\REDKID3D GAME\DEBUG\STDAFX.OBJ
C:\Users\123\Documents\Visual Studio 2010\Projects\RedKid3D\RedKid3D Game\Debug\vc100.idb
C:\USERS\123\DOCUMENTS\VISUAL STUDIO 2010\PROJECTS\REDKID3D\REDKID3D GAME\DEBUG\VC100.PDB
C:\USERS\123\DOCUMENTS\VISUAL STUDIO 2010\PROJECTS\REDKID3D\REDKID3D GAME\REDKID3D GAME.EXE
C:\Users\123\Documents\Visual Studio 2010\Projects\RedKid3D\RedKid3D Game\RedKid3D Game.exp
C:\Users\123\Documents\Visual Studio 2010\Projects\RedKid3D\RedKid3D Game\RedKid3D Game.lib
C:\USERS\123\DOCUMENTS\VISUAL STUDIO 2010\PROJECTS\REDKID3D\REDKID3D GAME\REDKID3D GAME.PDB
