C:\Users\123\Documents\Visual Studio 2010\Projects\RedKidProject\RedDogGame\\RedKid game.exe
C:\Users\123\Documents\Visual Studio 2010\Projects\RedKidProject\RedDogGame\\RedKid game.pdb
C:\Users\123\Documents\Visual Studio 2010\Projects\RedKidProject\RedDogGame\Debug\CL.2568.read.1.tlog
C:\Users\123\Documents\Visual Studio 2010\Projects\RedKidProject\RedDogGame\Debug\CL.2568.write.1.tlog
C:\Users\123\Documents\Visual Studio 2010\Projects\RedKidProject\RedDogGame\Debug\CL.2956.read.1.tlog
C:\Users\123\Documents\Visual Studio 2010\Projects\RedKidProject\RedDogGame\Debug\CL.2956.write.1.tlog
C:\Users\123\Documents\Visual Studio 2010\Projects\RedKidProject\RedDogGame\Debug\CL.3468.read.1.tlog
C:\Users\123\Documents\Visual Studio 2010\Projects\RedKidProject\RedDogGame\Debug\CL.3468.write.1.tlog
C:\Users\123\Documents\Visual Studio 2010\Projects\RedKidProject\RedDogGame\Debug\CL.3744.read.1.tlog
C:\Users\123\Documents\Visual Studio 2010\Projects\RedKidProject\RedDogGame\Debug\CL.3744.write.1.tlog
C:\Users\123\Documents\Visual Studio 2010\Projects\RedKidProject\RedDogGame\Debug\CL.4008.read.1.tlog
C:\Users\123\Documents\Visual Studio 2010\Projects\RedKidProject\RedDogGame\Debug\CL.4008.write.1.tlog
C:\Users\123\Documents\Visual Studio 2010\Projects\RedKidProject\RedDogGame\Debug\CL.4304.read.1.tlog
C:\Users\123\Documents\Visual Studio 2010\Projects\RedKidProject\RedDogGame\Debug\CL.4304.write.1.tlog
C:\Users\123\Documents\Visual Studio 2010\Projects\RedKidProject\RedDogGame\Debug\CL.5108.read.1.tlog
C:\Users\123\Documents\Visual Studio 2010\Projects\RedKidProject\RedDogGame\Debug\CL.5108.write.1.tlog
C:\Users\123\Documents\Visual Studio 2010\Projects\RedKidProject\RedDogGame\Debug\CL.5352.read.1.tlog
C:\Users\123\Documents\Visual Studio 2010\Projects\RedKidProject\RedDogGame\Debug\CL.5352.write.1.tlog
C:\Users\123\Documents\Visual Studio 2010\Projects\RedKidProject\RedDogGame\Debug\CL.5364.read.1.tlog
C:\Users\123\Documents\Visual Studio 2010\Projects\RedKidProject\RedDogGame\Debug\CL.5364.write.1.tlog
C:\Users\123\Documents\Visual Studio 2010\Projects\RedKidProject\RedDogGame\Debug\CL.5544.read.1.tlog
C:\Users\123\Documents\Visual Studio 2010\Projects\RedKidProject\RedDogGame\Debug\CL.5544.write.1.tlog
C:\Users\123\Documents\Visual Studio 2010\Projects\RedKidProject\RedDogGame\Debug\CL.5680.read.1.tlog
C:\Users\123\Documents\Visual Studio 2010\Projects\RedKidProject\RedDogGame\Debug\CL.5680.write.1.tlog
C:\Users\123\Documents\Visual Studio 2010\Projects\RedKidProject\RedDogGame\Debug\CL.5708.read.1.tlog
C:\Users\123\Documents\Visual Studio 2010\Projects\RedKidProject\RedDogGame\Debug\CL.5708.write.1.tlog
C:\Users\123\Documents\Visual Studio 2010\Projects\RedKidProject\RedDogGame\Debug\CL.6428.read.1.tlog
C:\Users\123\Documents\Visual Studio 2010\Projects\RedKidProject\RedDogGame\Debug\CL.6428.write.1.tlog
C:\Users\123\Documents\Visual Studio 2010\Projects\RedKidProject\RedDogGame\Debug\CL.6436.read.1.tlog
C:\Users\123\Documents\Visual Studio 2010\Projects\RedKidProject\RedDogGame\Debug\CL.6436.write.1.tlog
C:\Users\123\Documents\Visual Studio 2010\Projects\RedKidProject\RedDogGame\Debug\CL.7164.read.1.tlog
C:\Users\123\Documents\Visual Studio 2010\Projects\RedKidProject\RedDogGame\Debug\CL.7164.write.1.tlog
C:\Users\123\Documents\Visual Studio 2010\Projects\RedKidProject\RedDogGame\Debug\CL.7344.read.1.tlog
C:\Users\123\Documents\Visual Studio 2010\Projects\RedKidProject\RedDogGame\Debug\CL.7344.write.1.tlog
C:\Users\123\Documents\Visual Studio 2010\Projects\RedKidProject\RedDogGame\Debug\CL.7580.read.1.tlog
C:\Users\123\Documents\Visual Studio 2010\Projects\RedKidProject\RedDogGame\Debug\CL.7580.write.1.tlog
C:\Users\123\Documents\Visual Studio 2010\Projects\RedKidProject\RedDogGame\Debug\CL.7848.read.1.tlog
C:\Users\123\Documents\Visual Studio 2010\Projects\RedKidProject\RedDogGame\Debug\CL.7848.write.1.tlog
C:\Users\123\Documents\Visual Studio 2010\Projects\RedKidProject\RedDogGame\Debug\CL.7956.read.1.tlog
C:\Users\123\Documents\Visual Studio 2010\Projects\RedKidProject\RedDogGame\Debug\CL.7956.write.1.tlog
C:\Users\123\Documents\Visual Studio 2010\Projects\RedKidProject\RedDogGame\Debug\CL.8108.read.1.tlog
C:\Users\123\Documents\Visual Studio 2010\Projects\RedKidProject\RedDogGame\Debug\CL.8108.write.1.tlog
C:\Users\123\Documents\Visual Studio 2010\Projects\RedKidProject\RedDogGame\Debug\cl.command.1.tlog
C:\Users\123\Documents\Visual Studio 2010\Projects\RedKidProject\RedDogGame\Debug\CL.read.1.tlog
C:\Users\123\Documents\Visual Studio 2010\Projects\RedKidProject\RedDogGame\Debug\CL.write.1.tlog
C:\Users\123\Documents\Visual Studio 2010\Projects\RedKidProject\RedDogGame\Debug\link.command.1.tlog
C:\Users\123\Documents\Visual Studio 2010\Projects\RedKidProject\RedDogGame\Debug\link.read.1.tlog
C:\Users\123\Documents\Visual Studio 2010\Projects\RedKidProject\RedDogGame\Debug\link.write.1.tlog
C:\Users\123\Documents\Visual Studio 2010\Projects\RedKidProject\RedDogGame\Debug\link-cvtres.read.1.tlog
C:\Users\123\Documents\Visual Studio 2010\Projects\RedKidProject\RedDogGame\Debug\link-cvtres.write.1.tlog
C:\Users\123\Documents\Visual Studio 2010\Projects\RedKidProject\RedDogGame\Debug\mt.command.1.tlog
C:\Users\123\Documents\Visual Studio 2010\Projects\RedKidProject\RedDogGame\Debug\mt.read.1.tlog
C:\Users\123\Documents\Visual Studio 2010\Projects\RedKidProject\RedDogGame\Debug\mt.write.1.tlog
C:\USERS\123\DOCUMENTS\VISUAL STUDIO 2010\PROJECTS\REDKIDPROJECT\REDDOGGAME\DEBUG\PHYSXDEFAULTALLOCATOR.OBJ
C:\USERS\123\DOCUMENTS\VISUAL STUDIO 2010\PROJECTS\REDKIDPROJECT\REDDOGGAME\DEBUG\PHYSXERRORCALLBACK.OBJ
C:\Users\123\Documents\Visual Studio 2010\Projects\RedKidProject\RedDogGame\Debug\rc.command.1.tlog
C:\Users\123\Documents\Visual Studio 2010\Projects\RedKidProject\RedDogGame\Debug\rc.read.1.tlog
C:\Users\123\Documents\Visual Studio 2010\Projects\RedKidProject\RedDogGame\Debug\rc.write.1.tlog
C:\USERS\123\DOCUMENTS\VISUAL STUDIO 2010\PROJECTS\REDKIDPROJECT\REDDOGGAME\DEBUG\REDDOGGAME.OBJ
C:\USERS\123\DOCUMENTS\VISUAL STUDIO 2010\PROJECTS\REDKIDPROJECT\REDDOGGAME\DEBUG\REDDOGGAME.RES
C:\USERS\123\DOCUMENTS\VISUAL STUDIO 2010\PROJECTS\REDKIDPROJECT\REDDOGGAME\DEBUG\REDKID GAME.EXE.INTERMEDIATE.MANIFEST
C:\USERS\123\DOCUMENTS\VISUAL STUDIO 2010\PROJECTS\REDKIDPROJECT\REDDOGGAME\DEBUG\REDKID GAME.PCH
C:\Users\123\Documents\Visual Studio 2010\Projects\RedKidProject\RedDogGame\Debug\RedKid game.write.1.tlog
C:\USERS\123\DOCUMENTS\VISUAL STUDIO 2010\PROJECTS\REDKIDPROJECT\REDDOGGAME\DEBUG\STDAFX.OBJ
C:\Users\123\Documents\Visual Studio 2010\Projects\RedKidProject\RedDogGame\Debug\vc100.idb
C:\USERS\123\DOCUMENTS\VISUAL STUDIO 2010\PROJECTS\REDKIDPROJECT\REDDOGGAME\DEBUG\VC100.PDB
C:\USERS\123\DOCUMENTS\VISUAL STUDIO 2010\PROJECTS\REDKIDPROJECT\REDDOGGAME\REDKID GAME.EXE
C:\Users\123\Documents\Visual Studio 2010\Projects\RedKidProject\RedDogGame\RedKid game.exp
C:\Users\123\Documents\Visual Studio 2010\Projects\RedKidProject\RedDogGame\RedKid game.lib
C:\USERS\123\DOCUMENTS\VISUAL STUDIO 2010\PROJECTS\REDKIDPROJECT\REDDOGGAME\REDKID GAME.PDB
